00:53:51.758 [main] INFO  c.l.s.SpringbootDemoApplication - Starting SpringbootDemoApplication using Java 1.8.0_391 on lizhankangdebijibendiannao.local with PID 24260 (/Users/lizhankang/privateProjects/javaProjects/springboot-demo/target/classes started by lizhankang in /Users/lizhankang/privateProjects/javaProjects/springboot-demo)
00:53:51.760 [main] INFO  c.l.s.SpringbootDemoApplication - The following 1 profile is active: "dev"
00:53:52.150 [main] INFO  o.s.b.w.e.tomcat.TomcatWebServer - Tomcat initialized with port(s): 8080 (http)
00:53:52.154 [main] INFO  o.a.coyote.http11.Http11NioProtocol - Initializing ProtocolHandler ["http-nio-8080"]
00:53:52.154 [main] INFO  o.a.catalina.core.StandardService - Starting service [Tomcat]
00:53:52.154 [main] INFO  o.a.catalina.core.StandardEngine - Starting Servlet engine: [Apache Tomcat/9.0.68]
00:53:52.221 [main] INFO  o.a.c.c.C.[Tomcat].[localhost].[/] - Initializing Spring embedded WebApplicationContext
00:53:52.221 [main] INFO  o.s.b.w.s.c.ServletWebServerApplicationContext - Root WebApplicationContext: initialization completed in 440 ms
00:53:52.334 [main] INFO  o.s.b.a.w.s.WelcomePageHandlerMapping - Adding welcome page: class path resource [static/index.html]
00:53:52.369 [main] INFO  o.a.coyote.http11.Http11NioProtocol - Starting ProtocolHandler ["http-nio-8080"]
00:53:52.389 [main] INFO  o.s.b.w.e.tomcat.TomcatWebServer - Tomcat started on port(s): 8080 (http) with context path ''
00:53:52.395 [main] INFO  c.l.s.SpringbootDemoApplication - Started SpringbootDemoApplication in 0.865 seconds (JVM running for 1.097)
00:53:56.990 [http-nio-8080-exec-1] INFO  o.a.c.c.C.[Tomcat].[localhost].[/] - Initializing Spring DispatcherServlet 'dispatcherServlet'
00:53:56.990 [http-nio-8080-exec-1] INFO  o.s.web.servlet.DispatcherServlet - Initializing Servlet 'dispatcherServlet'
00:53:56.991 [http-nio-8080-exec-1] INFO  o.s.web.servlet.DispatcherServlet - Completed initialization in 1 ms
00:53:57.001 [http-nio-8080-exec-1] INFO  c.l.s.c.SpringBootDemoController - =====获取的订单服务地址为：http://localhost:9002
00:58:25.545 [http-nio-8080-exec-4] INFO  c.l.s.c.SpringBootDemoController - =====获取的订单服务地址为：http://localhost:9002
00:58:25.546 [http-nio-8080-exec-4] INFO  c.l.s.c.SpringBootDemoController - =====获取的用户服务地址为：http://localhost:9003
00:58:25.546 [http-nio-8080-exec-4] INFO  c.l.s.c.SpringBootDemoController - =====获取的购物车服务地址为：http://localhost:9004
01:01:13.042 [main] INFO  c.l.s.SpringbootDemoApplication - Starting SpringbootDemoApplication using Java 1.8.0_391 on lizhankangdebijibendiannao.local with PID 24713 (/Users/lizhankang/privateProjects/javaProjects/springboot-demo/target/classes started by lizhankang in /Users/lizhankang/privateProjects/javaProjects/springboot-demo)
01:01:13.043 [main] INFO  c.l.s.SpringbootDemoApplication - The following 1 profile is active: "dev"
01:01:13.377 [main] INFO  o.s.b.w.e.tomcat.TomcatWebServer - Tomcat initialized with port(s): 8080 (http)
01:01:13.380 [main] INFO  o.a.coyote.http11.Http11NioProtocol - Initializing ProtocolHandler ["http-nio-8080"]
01:01:13.380 [main] INFO  o.a.catalina.core.StandardService - Starting service [Tomcat]
01:01:13.380 [main] INFO  o.a.catalina.core.StandardEngine - Starting Servlet engine: [Apache Tomcat/9.0.68]
01:01:13.431 [main] INFO  o.a.c.c.C.[Tomcat].[localhost].[/] - Initializing Spring embedded WebApplicationContext
01:01:13.431 [main] INFO  o.s.b.w.s.c.ServletWebServerApplicationContext - Root WebApplicationContext: initialization completed in 370 ms
01:01:13.519 [main] INFO  o.s.b.a.w.s.WelcomePageHandlerMapping - Adding welcome page: class path resource [static/index.html]
01:01:13.549 [main] INFO  o.a.coyote.http11.Http11NioProtocol - Starting ProtocolHandler ["http-nio-8080"]
01:01:13.565 [main] INFO  o.s.b.w.e.tomcat.TomcatWebServer - Tomcat started on port(s): 8080 (http) with context path ''
01:01:13.570 [main] INFO  c.l.s.SpringbootDemoApplication - Started SpringbootDemoApplication in 0.713 seconds (JVM running for 0.913)
01:43:49.397 [main] INFO  c.l.s.SpringbootDemoApplication - Starting SpringbootDemoApplication using Java 1.8.0_391 on lizhankangdebijibendiannao.local with PID 26780 (/Users/lizhankang/privateProjects/javaProjects/springboot-demo/target/classes started by lizhankang in /Users/lizhankang/privateProjects/javaProjects/springboot-demo)
01:43:49.398 [main] INFO  c.l.s.SpringbootDemoApplication - The following 1 profile is active: "dev"
01:43:49.886 [main] INFO  o.s.b.w.e.tomcat.TomcatWebServer - Tomcat initialized with port(s): 8080 (http)
01:43:49.890 [main] INFO  o.a.coyote.http11.Http11NioProtocol - Initializing ProtocolHandler ["http-nio-8080"]
01:43:49.890 [main] INFO  o.a.catalina.core.StandardService - Starting service [Tomcat]
01:43:49.890 [main] INFO  o.a.catalina.core.StandardEngine - Starting Servlet engine: [Apache Tomcat/9.0.68]
01:43:49.952 [main] INFO  o.a.c.c.C.[Tomcat].[localhost].[/] - Initializing Spring embedded WebApplicationContext
01:43:49.952 [main] INFO  o.s.b.w.s.c.ServletWebServerApplicationContext - Root WebApplicationContext: initialization completed in 536 ms
01:43:50.167 [main] WARN  o.s.b.w.s.c.AnnotationConfigServletWebServerApplicationContext - Exception encountered during context initialization - cancelling refresh attempt: org.springframework.beans.factory.UnsatisfiedDependencyException: Error creating bean with name 'documentationPluginsBootstrapper' defined in URL [jar:file:/Users/lizhankang/.m2/repository/io/springfox/springfox-spring-web/2.2.2/springfox-spring-web-2.2.2.jar!/springfox/documentation/spring/web/plugins/DocumentationPluginsBootstrapper.class]: Unsatisfied dependency expressed through constructor parameter 1; nested exception is org.springframework.beans.factory.UnsatisfiedDependencyException: Error creating bean with name 'webMvcRequestHandlerProvider' defined in URL [jar:file:/Users/lizhankang/.m2/repository/io/springfox/springfox-spring-web/2.2.2/springfox-spring-web-2.2.2.jar!/springfox/documentation/spring/web/plugins/WebMvcRequestHandlerProvider.class]: Unsatisfied dependency expressed through constructor parameter 0; nested exception is org.springframework.beans.factory.BeanCreationException: Error creating bean with name 'requestMappingHandlerMapping' defined in class path resource [org/springframework/boot/autoconfigure/web/servlet/WebMvcAutoConfiguration$EnableWebMvcConfiguration.class]: Invocation of init method failed; nested exception is java.lang.IllegalStateException: Ambiguous mapping. Cannot map 'springBootDemoController' method 
com.lizhankang.springbootdemo.controller.SpringBootDemoController#testRequestParam(Integer)
to {GET [/springboot/user], produces [application/json;charset=UTF-8]}: There is already 'springBootDemoController' bean method
com.lizhankang.springbootdemo.controller.SpringBootDemoController#getUser(String) mapped.
01:43:50.168 [main] INFO  o.a.catalina.core.StandardService - Stopping service [Tomcat]
01:43:50.175 [main] INFO  o.s.b.a.l.ConditionEvaluationReportLoggingListener - 

Error starting ApplicationContext. To display the conditions report re-run your application with 'debug' enabled.
01:43:50.184 [main] ERROR o.s.boot.SpringApplication - Application run failed
org.springframework.beans.factory.UnsatisfiedDependencyException: Error creating bean with name 'documentationPluginsBootstrapper' defined in URL [jar:file:/Users/lizhankang/.m2/repository/io/springfox/springfox-spring-web/2.2.2/springfox-spring-web-2.2.2.jar!/springfox/documentation/spring/web/plugins/DocumentationPluginsBootstrapper.class]: Unsatisfied dependency expressed through constructor parameter 1; nested exception is org.springframework.beans.factory.UnsatisfiedDependencyException: Error creating bean with name 'webMvcRequestHandlerProvider' defined in URL [jar:file:/Users/lizhankang/.m2/repository/io/springfox/springfox-spring-web/2.2.2/springfox-spring-web-2.2.2.jar!/springfox/documentation/spring/web/plugins/WebMvcRequestHandlerProvider.class]: Unsatisfied dependency expressed through constructor parameter 0; nested exception is org.springframework.beans.factory.BeanCreationException: Error creating bean with name 'requestMappingHandlerMapping' defined in class path resource [org/springframework/boot/autoconfigure/web/servlet/WebMvcAutoConfiguration$EnableWebMvcConfiguration.class]: Invocation of init method failed; nested exception is java.lang.IllegalStateException: Ambiguous mapping. Cannot map 'springBootDemoController' method 
com.lizhankang.springbootdemo.controller.SpringBootDemoController#testRequestParam(Integer)
to {GET [/springboot/user], produces [application/json;charset=UTF-8]}: There is already 'springBootDemoController' bean method
com.lizhankang.springbootdemo.controller.SpringBootDemoController#getUser(String) mapped.
	at org.springframework.beans.factory.support.ConstructorResolver.createArgumentArray(ConstructorResolver.java:800)
	at org.springframework.beans.factory.support.ConstructorResolver.autowireConstructor(ConstructorResolver.java:229)
	at org.springframework.beans.factory.support.AbstractAutowireCapableBeanFactory.autowireConstructor(AbstractAutowireCapableBeanFactory.java:1372)
	at org.springframework.beans.factory.support.AbstractAutowireCapableBeanFactory.createBeanInstance(AbstractAutowireCapableBeanFactory.java:1222)
	at org.springframework.beans.factory.support.AbstractAutowireCapableBeanFactory.doCreateBean(AbstractAutowireCapableBeanFactory.java:582)
	at org.springframework.beans.factory.support.AbstractAutowireCapableBeanFactory.createBean(AbstractAutowireCapableBeanFactory.java:542)
	at org.springframework.beans.factory.support.AbstractBeanFactory.lambda$doGetBean$0(AbstractBeanFactory.java:335)
	at org.springframework.beans.factory.support.DefaultSingletonBeanRegistry.getSingleton(DefaultSingletonBeanRegistry.java:234)
	at org.springframework.beans.factory.support.AbstractBeanFactory.doGetBean(AbstractBeanFactory.java:333)
	at org.springframework.beans.factory.support.AbstractBeanFactory.getBean(AbstractBeanFactory.java:208)
	at org.springframework.beans.factory.support.DefaultListableBeanFactory.preInstantiateSingletons(DefaultListableBeanFactory.java:955)
	at org.springframework.context.support.AbstractApplicationContext.finishBeanFactoryInitialization(AbstractApplicationContext.java:918)
	at org.springframework.context.support.AbstractApplicationContext.refresh(AbstractApplicationContext.java:583)
	at org.springframework.boot.web.servlet.context.ServletWebServerApplicationContext.refresh(ServletWebServerApplicationContext.java:145)
	at org.springframework.boot.SpringApplication.refresh(SpringApplication.java:745)
	at org.springframework.boot.SpringApplication.refreshContext(SpringApplication.java:420)
	at org.springframework.boot.SpringApplication.run(SpringApplication.java:307)
	at org.springframework.boot.SpringApplication.run(SpringApplication.java:1317)
	at org.springframework.boot.SpringApplication.run(SpringApplication.java:1306)
	at com.lizhankang.springbootdemo.SpringbootDemoApplication.main(SpringbootDemoApplication.java:11)
Caused by: org.springframework.beans.factory.UnsatisfiedDependencyException: Error creating bean with name 'webMvcRequestHandlerProvider' defined in URL [jar:file:/Users/lizhankang/.m2/repository/io/springfox/springfox-spring-web/2.2.2/springfox-spring-web-2.2.2.jar!/springfox/documentation/spring/web/plugins/WebMvcRequestHandlerProvider.class]: Unsatisfied dependency expressed through constructor parameter 0; nested exception is org.springframework.beans.factory.BeanCreationException: Error creating bean with name 'requestMappingHandlerMapping' defined in class path resource [org/springframework/boot/autoconfigure/web/servlet/WebMvcAutoConfiguration$EnableWebMvcConfiguration.class]: Invocation of init method failed; nested exception is java.lang.IllegalStateException: Ambiguous mapping. Cannot map 'springBootDemoController' method 
com.lizhankang.springbootdemo.controller.SpringBootDemoController#testRequestParam(Integer)
to {GET [/springboot/user], produces [application/json;charset=UTF-8]}: There is already 'springBootDemoController' bean method
com.lizhankang.springbootdemo.controller.SpringBootDemoController#getUser(String) mapped.
	at org.springframework.beans.factory.support.ConstructorResolver.createArgumentArray(ConstructorResolver.java:800)
	at org.springframework.beans.factory.support.ConstructorResolver.autowireConstructor(ConstructorResolver.java:229)
	at org.springframework.beans.factory.support.AbstractAutowireCapableBeanFactory.autowireConstructor(AbstractAutowireCapableBeanFactory.java:1372)
	at org.springframework.beans.factory.support.AbstractAutowireCapableBeanFactory.createBeanInstance(AbstractAutowireCapableBeanFactory.java:1222)
	at org.springframework.beans.factory.support.AbstractAutowireCapableBeanFactory.doCreateBean(AbstractAutowireCapableBeanFactory.java:582)
	at org.springframework.beans.factory.support.AbstractAutowireCapableBeanFactory.createBean(AbstractAutowireCapableBeanFactory.java:542)
	at org.springframework.beans.factory.support.AbstractBeanFactory.lambda$doGetBean$0(AbstractBeanFactory.java:335)
	at org.springframework.beans.factory.support.DefaultSingletonBeanRegistry.getSingleton(DefaultSingletonBeanRegistry.java:234)
	at org.springframework.beans.factory.support.AbstractBeanFactory.doGetBean(AbstractBeanFactory.java:333)
	at org.springframework.beans.factory.support.AbstractBeanFactory.getBean(AbstractBeanFactory.java:208)
	at org.springframework.beans.factory.config.DependencyDescriptor.resolveCandidate(DependencyDescriptor.java:276)
	at org.springframework.beans.factory.support.DefaultListableBeanFactory.doResolveDependency(DefaultListableBeanFactory.java:1391)
	at org.springframework.beans.factory.support.DefaultListableBeanFactory.resolveDependency(DefaultListableBeanFactory.java:1311)
	at org.springframework.beans.factory.support.ConstructorResolver.resolveAutowiredArgument(ConstructorResolver.java:887)
	at org.springframework.beans.factory.support.ConstructorResolver.createArgumentArray(ConstructorResolver.java:791)
	... 19 common frames omitted
Caused by: org.springframework.beans.factory.BeanCreationException: Error creating bean with name 'requestMappingHandlerMapping' defined in class path resource [org/springframework/boot/autoconfigure/web/servlet/WebMvcAutoConfiguration$EnableWebMvcConfiguration.class]: Invocation of init method failed; nested exception is java.lang.IllegalStateException: Ambiguous mapping. Cannot map 'springBootDemoController' method 
com.lizhankang.springbootdemo.controller.SpringBootDemoController#testRequestParam(Integer)
to {GET [/springboot/user], produces [application/json;charset=UTF-8]}: There is already 'springBootDemoController' bean method
com.lizhankang.springbootdemo.controller.SpringBootDemoController#getUser(String) mapped.
	at org.springframework.beans.factory.support.AbstractAutowireCapableBeanFactory.initializeBean(AbstractAutowireCapableBeanFactory.java:1804)
	at org.springframework.beans.factory.support.AbstractAutowireCapableBeanFactory.doCreateBean(AbstractAutowireCapableBeanFactory.java:620)
	at org.springframework.beans.factory.support.AbstractAutowireCapableBeanFactory.createBean(AbstractAutowireCapableBeanFactory.java:542)
	at org.springframework.beans.factory.support.AbstractBeanFactory.lambda$doGetBean$0(AbstractBeanFactory.java:335)
	at org.springframework.beans.factory.support.DefaultSingletonBeanRegistry.getSingleton(DefaultSingletonBeanRegistry.java:234)
	at org.springframework.beans.factory.support.AbstractBeanFactory.doGetBean(AbstractBeanFactory.java:333)
	at org.springframework.beans.factory.support.AbstractBeanFactory.getBean(AbstractBeanFactory.java:208)
	at org.springframework.beans.factory.config.DependencyDescriptor.resolveCandidate(DependencyDescriptor.java:276)
	at org.springframework.beans.factory.support.DefaultListableBeanFactory.addCandidateEntry(DefaultListableBeanFactory.java:1609)
	at org.springframework.beans.factory.support.DefaultListableBeanFactory.findAutowireCandidates(DefaultListableBeanFactory.java:1573)
	at org.springframework.beans.factory.support.DefaultListableBeanFactory.resolveMultipleBeans(DefaultListableBeanFactory.java:1462)
	at org.springframework.beans.factory.support.DefaultListableBeanFactory.doResolveDependency(DefaultListableBeanFactory.java:1349)
	at org.springframework.beans.factory.support.DefaultListableBeanFactory.resolveDependency(DefaultListableBeanFactory.java:1311)
	at org.springframework.beans.factory.support.ConstructorResolver.resolveAutowiredArgument(ConstructorResolver.java:887)
	at org.springframework.beans.factory.support.ConstructorResolver.createArgumentArray(ConstructorResolver.java:791)
	... 33 common frames omitted
Caused by: java.lang.IllegalStateException: Ambiguous mapping. Cannot map 'springBootDemoController' method 
com.lizhankang.springbootdemo.controller.SpringBootDemoController#testRequestParam(Integer)
to {GET [/springboot/user], produces [application/json;charset=UTF-8]}: There is already 'springBootDemoController' bean method
com.lizhankang.springbootdemo.controller.SpringBootDemoController#getUser(String) mapped.
	at org.springframework.web.servlet.handler.AbstractHandlerMethodMapping$MappingRegistry.validateMethodMapping(AbstractHandlerMethodMapping.java:669)
	at org.springframework.web.servlet.handler.AbstractHandlerMethodMapping$MappingRegistry.register(AbstractHandlerMethodMapping.java:635)
	at org.springframework.web.servlet.handler.AbstractHandlerMethodMapping.registerHandlerMethod(AbstractHandlerMethodMapping.java:332)
	at org.springframework.web.servlet.mvc.method.annotation.RequestMappingHandlerMapping.registerHandlerMethod(RequestMappingHandlerMapping.java:420)
	at org.springframework.web.servlet.mvc.method.annotation.RequestMappingHandlerMapping.registerHandlerMethod(RequestMappingHandlerMapping.java:76)
	at org.springframework.web.servlet.handler.AbstractHandlerMethodMapping.lambda$detectHandlerMethods$2(AbstractHandlerMethodMapping.java:299)
	at java.util.LinkedHashMap.forEach(LinkedHashMap.java:684)
	at org.springframework.web.servlet.handler.AbstractHandlerMethodMapping.detectHandlerMethods(AbstractHandlerMethodMapping.java:297)
	at org.springframework.web.servlet.handler.AbstractHandlerMethodMapping.processCandidateBean(AbstractHandlerMethodMapping.java:266)
	at org.springframework.web.servlet.handler.AbstractHandlerMethodMapping.initHandlerMethods(AbstractHandlerMethodMapping.java:225)
	at org.springframework.web.servlet.handler.AbstractHandlerMethodMapping.afterPropertiesSet(AbstractHandlerMethodMapping.java:213)
	at org.springframework.web.servlet.mvc.method.annotation.RequestMappingHandlerMapping.afterPropertiesSet(RequestMappingHandlerMapping.java:205)
	at org.springframework.beans.factory.support.AbstractAutowireCapableBeanFactory.invokeInitMethods(AbstractAutowireCapableBeanFactory.java:1863)
	at org.springframework.beans.factory.support.AbstractAutowireCapableBeanFactory.initializeBean(AbstractAutowireCapableBeanFactory.java:1800)
	... 47 common frames omitted
01:45:29.257 [main] INFO  c.l.s.SpringbootDemoApplication - Starting SpringbootDemoApplication using Java 1.8.0_391 on lizhankangdebijibendiannao.local with PID 26882 (/Users/lizhankang/privateProjects/javaProjects/springboot-demo/target/classes started by lizhankang in /Users/lizhankang/privateProjects/javaProjects/springboot-demo)
01:45:29.258 [main] INFO  c.l.s.SpringbootDemoApplication - The following 1 profile is active: "dev"
01:45:29.726 [main] INFO  o.s.b.w.e.tomcat.TomcatWebServer - Tomcat initialized with port(s): 8080 (http)
01:45:29.729 [main] INFO  o.a.coyote.http11.Http11NioProtocol - Initializing ProtocolHandler ["http-nio-8080"]
01:45:29.730 [main] INFO  o.a.catalina.core.StandardService - Starting service [Tomcat]
01:45:29.730 [main] INFO  o.a.catalina.core.StandardEngine - Starting Servlet engine: [Apache Tomcat/9.0.68]
01:45:29.790 [main] INFO  o.a.c.c.C.[Tomcat].[localhost].[/] - Initializing Spring embedded WebApplicationContext
01:45:29.790 [main] INFO  o.s.b.w.s.c.ServletWebServerApplicationContext - Root WebApplicationContext: initialization completed in 512 ms
01:45:30.048 [main] INFO  o.s.b.a.w.s.WelcomePageHandlerMapping - Adding welcome page: class path resource [static/index.html]
01:45:30.068 [main] WARN  o.s.b.w.s.c.AnnotationConfigServletWebServerApplicationContext - Exception encountered during context initialization - cancelling refresh attempt: org.springframework.beans.factory.UnsatisfiedDependencyException: Error creating bean with name 'linkDiscoverers' defined in class path resource [org/springframework/hateoas/config/HateoasConfiguration.class]: Unsatisfied dependency expressed through method 'linkDiscoverers' parameter 0; nested exception is org.springframework.beans.factory.NoUniqueBeanDefinitionException: No qualifying bean of type 'org.springframework.plugin.core.PluginRegistry<org.springframework.hateoas.client.LinkDiscoverer, org.springframework.http.MediaType>' available: expected single matching bean but found 15: modelBuilderPluginRegistry,modelPropertyBuilderPluginRegistry,typeNameProviderPluginRegistry,documentationPluginRegistry,apiListingBuilderPluginRegistry,operationBuilderPluginRegistry,parameterBuilderPluginRegistry,expandedParameterBuilderPluginRegistry,resourceGroupingStrategyRegistry,operationModelsProviderPluginRegistry,defaultsProviderPluginRegistry,pathDecoratorRegistry,relProviderPluginRegistry,linkDiscovererRegistry,entityLinksPluginRegistry
01:45:30.070 [main] INFO  o.a.catalina.core.StandardService - Stopping service [Tomcat]
01:45:30.076 [main] INFO  o.s.b.a.l.ConditionEvaluationReportLoggingListener - 

Error starting ApplicationContext. To display the conditions report re-run your application with 'debug' enabled.
01:45:30.081 [main] ERROR o.s.b.d.LoggingFailureAnalysisReporter - 

***************************
APPLICATION FAILED TO START
***************************

Description:

Parameter 0 of method linkDiscoverers in org.springframework.hateoas.config.HateoasConfiguration required a single bean, but 15 were found:
	- modelBuilderPluginRegistry: defined in null
	- modelPropertyBuilderPluginRegistry: defined in null
	- typeNameProviderPluginRegistry: defined in null
	- documentationPluginRegistry: defined in null
	- apiListingBuilderPluginRegistry: defined in null
	- operationBuilderPluginRegistry: defined in null
	- parameterBuilderPluginRegistry: defined in null
	- expandedParameterBuilderPluginRegistry: defined in null
	- resourceGroupingStrategyRegistry: defined in null
	- operationModelsProviderPluginRegistry: defined in null
	- defaultsProviderPluginRegistry: defined in null
	- pathDecoratorRegistry: defined in null
	- relProviderPluginRegistry: defined by method 'relProviderPluginRegistry' in class path resource [org/springframework/hateoas/config/HateoasConfiguration.class]
	- linkDiscovererRegistry: defined in null
	- entityLinksPluginRegistry: defined by method 'entityLinksPluginRegistry' in class path resource [org/springframework/hateoas/config/WebMvcEntityLinksConfiguration.class]


Action:

Consider marking one of the beans as @Primary, updating the consumer to accept multiple beans, or using @Qualifier to identify the bean that should be consumed

01:50:05.615 [main] INFO  c.l.s.SpringbootDemoApplication - Starting SpringbootDemoApplication using Java 1.8.0_391 on lizhankangdebijibendiannao.local with PID 27162 (/Users/lizhankang/privateProjects/javaProjects/springboot-demo/target/classes started by lizhankang in /Users/lizhankang/privateProjects/javaProjects/springboot-demo)
01:50:05.617 [main] INFO  c.l.s.SpringbootDemoApplication - The following 1 profile is active: "dev"
01:50:06.113 [main] INFO  o.s.b.w.e.tomcat.TomcatWebServer - Tomcat initialized with port(s): 8080 (http)
01:50:06.117 [main] INFO  o.a.coyote.http11.Http11NioProtocol - Initializing ProtocolHandler ["http-nio-8080"]
01:50:06.117 [main] INFO  o.a.catalina.core.StandardService - Starting service [Tomcat]
01:50:06.117 [main] INFO  o.a.catalina.core.StandardEngine - Starting Servlet engine: [Apache Tomcat/9.0.68]
01:50:06.187 [main] INFO  o.a.c.c.C.[Tomcat].[localhost].[/] - Initializing Spring embedded WebApplicationContext
01:50:06.187 [main] INFO  o.s.b.w.s.c.ServletWebServerApplicationContext - Root WebApplicationContext: initialization completed in 553 ms
01:50:06.455 [main] INFO  o.s.b.a.w.s.WelcomePageHandlerMapping - Adding welcome page: class path resource [static/index.html]
01:50:06.475 [main] WARN  o.s.b.w.s.c.AnnotationConfigServletWebServerApplicationContext - Exception encountered during context initialization - cancelling refresh attempt: org.springframework.beans.factory.UnsatisfiedDependencyException: Error creating bean with name 'linkDiscoverers' defined in class path resource [org/springframework/hateoas/config/HateoasConfiguration.class]: Unsatisfied dependency expressed through method 'linkDiscoverers' parameter 0; nested exception is org.springframework.beans.factory.NoUniqueBeanDefinitionException: No qualifying bean of type 'org.springframework.plugin.core.PluginRegistry<org.springframework.hateoas.client.LinkDiscoverer, org.springframework.http.MediaType>' available: expected single matching bean but found 15: modelBuilderPluginRegistry,modelPropertyBuilderPluginRegistry,typeNameProviderPluginRegistry,documentationPluginRegistry,apiListingBuilderPluginRegistry,operationBuilderPluginRegistry,parameterBuilderPluginRegistry,expandedParameterBuilderPluginRegistry,resourceGroupingStrategyRegistry,operationModelsProviderPluginRegistry,defaultsProviderPluginRegistry,pathDecoratorRegistry,relProviderPluginRegistry,linkDiscovererRegistry,entityLinksPluginRegistry
01:50:06.477 [main] INFO  o.a.catalina.core.StandardService - Stopping service [Tomcat]
01:50:06.483 [main] INFO  o.s.b.a.l.ConditionEvaluationReportLoggingListener - 

Error starting ApplicationContext. To display the conditions report re-run your application with 'debug' enabled.
01:50:06.489 [main] ERROR o.s.b.d.LoggingFailureAnalysisReporter - 

***************************
APPLICATION FAILED TO START
***************************

Description:

Parameter 0 of method linkDiscoverers in org.springframework.hateoas.config.HateoasConfiguration required a single bean, but 15 were found:
	- modelBuilderPluginRegistry: defined in null
	- modelPropertyBuilderPluginRegistry: defined in null
	- typeNameProviderPluginRegistry: defined in null
	- documentationPluginRegistry: defined in null
	- apiListingBuilderPluginRegistry: defined in null
	- operationBuilderPluginRegistry: defined in null
	- parameterBuilderPluginRegistry: defined in null
	- expandedParameterBuilderPluginRegistry: defined in null
	- resourceGroupingStrategyRegistry: defined in null
	- operationModelsProviderPluginRegistry: defined in null
	- defaultsProviderPluginRegistry: defined in null
	- pathDecoratorRegistry: defined in null
	- relProviderPluginRegistry: defined by method 'relProviderPluginRegistry' in class path resource [org/springframework/hateoas/config/HateoasConfiguration.class]
	- linkDiscovererRegistry: defined in null
	- entityLinksPluginRegistry: defined by method 'entityLinksPluginRegistry' in class path resource [org/springframework/hateoas/config/WebMvcEntityLinksConfiguration.class]


Action:

Consider marking one of the beans as @Primary, updating the consumer to accept multiple beans, or using @Qualifier to identify the bean that should be consumed

01:52:29.938 [main] INFO  c.l.s.SpringbootDemoApplication - Starting SpringbootDemoApplication using Java 1.8.0_391 on lizhankangdebijibendiannao.local with PID 27307 (/Users/lizhankang/privateProjects/javaProjects/springboot-demo/target/classes started by lizhankang in /Users/lizhankang/privateProjects/javaProjects/springboot-demo)
01:52:29.940 [main] INFO  c.l.s.SpringbootDemoApplication - The following 1 profile is active: "dev"
01:52:30.429 [main] INFO  o.s.b.w.e.tomcat.TomcatWebServer - Tomcat initialized with port(s): 8080 (http)
01:52:30.433 [main] INFO  o.a.coyote.http11.Http11NioProtocol - Initializing ProtocolHandler ["http-nio-8080"]
01:52:30.433 [main] INFO  o.a.catalina.core.StandardService - Starting service [Tomcat]
01:52:30.433 [main] INFO  o.a.catalina.core.StandardEngine - Starting Servlet engine: [Apache Tomcat/9.0.68]
01:52:30.495 [main] INFO  o.a.c.c.C.[Tomcat].[localhost].[/] - Initializing Spring embedded WebApplicationContext
01:52:30.495 [main] INFO  o.s.b.w.s.c.ServletWebServerApplicationContext - Root WebApplicationContext: initialization completed in 536 ms
01:52:30.757 [main] INFO  o.s.b.a.w.s.WelcomePageHandlerMapping - Adding welcome page: class path resource [static/index.html]
01:52:30.777 [main] WARN  o.s.b.w.s.c.AnnotationConfigServletWebServerApplicationContext - Exception encountered during context initialization - cancelling refresh attempt: org.springframework.beans.factory.UnsatisfiedDependencyException: Error creating bean with name 'linkDiscoverers' defined in class path resource [org/springframework/hateoas/config/HateoasConfiguration.class]: Unsatisfied dependency expressed through method 'linkDiscoverers' parameter 0; nested exception is org.springframework.beans.factory.NoUniqueBeanDefinitionException: No qualifying bean of type 'org.springframework.plugin.core.PluginRegistry<org.springframework.hateoas.client.LinkDiscoverer, org.springframework.http.MediaType>' available: expected single matching bean but found 15: modelBuilderPluginRegistry,modelPropertyBuilderPluginRegistry,typeNameProviderPluginRegistry,documentationPluginRegistry,apiListingBuilderPluginRegistry,operationBuilderPluginRegistry,parameterBuilderPluginRegistry,expandedParameterBuilderPluginRegistry,resourceGroupingStrategyRegistry,operationModelsProviderPluginRegistry,defaultsProviderPluginRegistry,pathDecoratorRegistry,relProviderPluginRegistry,linkDiscovererRegistry,entityLinksPluginRegistry
01:52:30.779 [main] INFO  o.a.catalina.core.StandardService - Stopping service [Tomcat]
01:52:30.785 [main] INFO  o.s.b.a.l.ConditionEvaluationReportLoggingListener - 

Error starting ApplicationContext. To display the conditions report re-run your application with 'debug' enabled.
01:52:30.791 [main] ERROR o.s.b.d.LoggingFailureAnalysisReporter - 

***************************
APPLICATION FAILED TO START
***************************

Description:

Parameter 0 of method linkDiscoverers in org.springframework.hateoas.config.HateoasConfiguration required a single bean, but 15 were found:
	- modelBuilderPluginRegistry: defined in null
	- modelPropertyBuilderPluginRegistry: defined in null
	- typeNameProviderPluginRegistry: defined in null
	- documentationPluginRegistry: defined in null
	- apiListingBuilderPluginRegistry: defined in null
	- operationBuilderPluginRegistry: defined in null
	- parameterBuilderPluginRegistry: defined in null
	- expandedParameterBuilderPluginRegistry: defined in null
	- resourceGroupingStrategyRegistry: defined in null
	- operationModelsProviderPluginRegistry: defined in null
	- defaultsProviderPluginRegistry: defined in null
	- pathDecoratorRegistry: defined in null
	- relProviderPluginRegistry: defined by method 'relProviderPluginRegistry' in class path resource [org/springframework/hateoas/config/HateoasConfiguration.class]
	- linkDiscovererRegistry: defined in null
	- entityLinksPluginRegistry: defined by method 'entityLinksPluginRegistry' in class path resource [org/springframework/hateoas/config/WebMvcEntityLinksConfiguration.class]


Action:

Consider marking one of the beans as @Primary, updating the consumer to accept multiple beans, or using @Qualifier to identify the bean that should be consumed

01:53:33.132 [main] INFO  c.l.s.SpringbootDemoApplication - Starting SpringbootDemoApplication using Java 1.8.0_391 on lizhankangdebijibendiannao.local with PID 27374 (/Users/lizhankang/privateProjects/javaProjects/springboot-demo/target/classes started by lizhankang in /Users/lizhankang/privateProjects/javaProjects/springboot-demo)
01:53:33.134 [main] INFO  c.l.s.SpringbootDemoApplication - The following 1 profile is active: "dev"
01:53:33.596 [main] INFO  o.s.b.w.e.tomcat.TomcatWebServer - Tomcat initialized with port(s): 8080 (http)
01:53:33.599 [main] INFO  o.a.coyote.http11.Http11NioProtocol - Initializing ProtocolHandler ["http-nio-8080"]
01:53:33.599 [main] INFO  o.a.catalina.core.StandardService - Starting service [Tomcat]
01:53:33.599 [main] INFO  o.a.catalina.core.StandardEngine - Starting Servlet engine: [Apache Tomcat/9.0.68]
01:53:33.662 [main] INFO  o.a.c.c.C.[Tomcat].[localhost].[/] - Initializing Spring embedded WebApplicationContext
01:53:33.662 [main] INFO  o.s.b.w.s.c.ServletWebServerApplicationContext - Root WebApplicationContext: initialization completed in 510 ms
01:53:33.926 [main] INFO  o.s.b.a.w.s.WelcomePageHandlerMapping - Adding welcome page: class path resource [static/index.html]
01:53:33.945 [main] WARN  o.s.b.w.s.c.AnnotationConfigServletWebServerApplicationContext - Exception encountered during context initialization - cancelling refresh attempt: org.springframework.beans.factory.UnsatisfiedDependencyException: Error creating bean with name 'linkDiscoverers' defined in class path resource [org/springframework/hateoas/config/HateoasConfiguration.class]: Unsatisfied dependency expressed through method 'linkDiscoverers' parameter 0; nested exception is org.springframework.beans.factory.NoUniqueBeanDefinitionException: No qualifying bean of type 'org.springframework.plugin.core.PluginRegistry<org.springframework.hateoas.client.LinkDiscoverer, org.springframework.http.MediaType>' available: expected single matching bean but found 15: modelBuilderPluginRegistry,modelPropertyBuilderPluginRegistry,typeNameProviderPluginRegistry,documentationPluginRegistry,apiListingBuilderPluginRegistry,operationBuilderPluginRegistry,parameterBuilderPluginRegistry,expandedParameterBuilderPluginRegistry,resourceGroupingStrategyRegistry,operationModelsProviderPluginRegistry,defaultsProviderPluginRegistry,pathDecoratorRegistry,relProviderPluginRegistry,linkDiscovererRegistry,entityLinksPluginRegistry
01:53:33.947 [main] INFO  o.a.catalina.core.StandardService - Stopping service [Tomcat]
01:53:33.953 [main] INFO  o.s.b.a.l.ConditionEvaluationReportLoggingListener - 

Error starting ApplicationContext. To display the conditions report re-run your application with 'debug' enabled.
01:53:33.958 [main] ERROR o.s.b.d.LoggingFailureAnalysisReporter - 

***************************
APPLICATION FAILED TO START
***************************

Description:

Parameter 0 of method linkDiscoverers in org.springframework.hateoas.config.HateoasConfiguration required a single bean, but 15 were found:
	- modelBuilderPluginRegistry: defined in null
	- modelPropertyBuilderPluginRegistry: defined in null
	- typeNameProviderPluginRegistry: defined in null
	- documentationPluginRegistry: defined in null
	- apiListingBuilderPluginRegistry: defined in null
	- operationBuilderPluginRegistry: defined in null
	- parameterBuilderPluginRegistry: defined in null
	- expandedParameterBuilderPluginRegistry: defined in null
	- resourceGroupingStrategyRegistry: defined in null
	- operationModelsProviderPluginRegistry: defined in null
	- defaultsProviderPluginRegistry: defined in null
	- pathDecoratorRegistry: defined in null
	- relProviderPluginRegistry: defined by method 'relProviderPluginRegistry' in class path resource [org/springframework/hateoas/config/HateoasConfiguration.class]
	- linkDiscovererRegistry: defined in null
	- entityLinksPluginRegistry: defined by method 'entityLinksPluginRegistry' in class path resource [org/springframework/hateoas/config/WebMvcEntityLinksConfiguration.class]


Action:

Consider marking one of the beans as @Primary, updating the consumer to accept multiple beans, or using @Qualifier to identify the bean that should be consumed

01:53:50.165 [main] INFO  c.l.s.SpringbootDemoApplication - Starting SpringbootDemoApplication using Java 1.8.0_391 on lizhankangdebijibendiannao.local with PID 27391 (/Users/lizhankang/privateProjects/javaProjects/springboot-demo/target/classes started by lizhankang in /Users/lizhankang/privateProjects/javaProjects/springboot-demo)
01:53:50.167 [main] INFO  c.l.s.SpringbootDemoApplication - The following 1 profile is active: "dev"
01:53:50.541 [main] INFO  o.s.b.w.e.tomcat.TomcatWebServer - Tomcat initialized with port(s): 8080 (http)
01:53:50.544 [main] INFO  o.a.coyote.http11.Http11NioProtocol - Initializing ProtocolHandler ["http-nio-8080"]
01:53:50.545 [main] INFO  o.a.catalina.core.StandardService - Starting service [Tomcat]
01:53:50.545 [main] INFO  o.a.catalina.core.StandardEngine - Starting Servlet engine: [Apache Tomcat/9.0.68]
01:53:50.607 [main] INFO  o.a.c.c.C.[Tomcat].[localhost].[/] - Initializing Spring embedded WebApplicationContext
01:53:50.607 [main] INFO  o.s.b.w.s.c.ServletWebServerApplicationContext - Root WebApplicationContext: initialization completed in 420 ms
01:53:50.721 [main] INFO  o.s.b.a.w.s.WelcomePageHandlerMapping - Adding welcome page: class path resource [static/index.html]
01:53:50.743 [main] WARN  o.s.b.w.s.c.AnnotationConfigServletWebServerApplicationContext - Exception encountered during context initialization - cancelling refresh attempt: org.springframework.beans.factory.UnsatisfiedDependencyException: Error creating bean with name 'linkDiscoverers' defined in class path resource [org/springframework/hateoas/config/HateoasConfiguration.class]: Unsatisfied dependency expressed through method 'linkDiscoverers' parameter 0; nested exception is org.springframework.beans.factory.NoUniqueBeanDefinitionException: No qualifying bean of type 'org.springframework.plugin.core.PluginRegistry<org.springframework.hateoas.client.LinkDiscoverer, org.springframework.http.MediaType>' available: expected single matching bean but found 3: relProviderPluginRegistry,linkDiscovererRegistry,entityLinksPluginRegistry
01:53:50.745 [main] INFO  o.a.catalina.core.StandardService - Stopping service [Tomcat]
01:53:50.751 [main] INFO  o.s.b.a.l.ConditionEvaluationReportLoggingListener - 

Error starting ApplicationContext. To display the conditions report re-run your application with 'debug' enabled.
01:53:50.757 [main] ERROR o.s.b.d.LoggingFailureAnalysisReporter - 

***************************
APPLICATION FAILED TO START
***************************

Description:

Parameter 0 of method linkDiscoverers in org.springframework.hateoas.config.HateoasConfiguration required a single bean, but 3 were found:
	- relProviderPluginRegistry: defined by method 'relProviderPluginRegistry' in class path resource [org/springframework/hateoas/config/HateoasConfiguration.class]
	- linkDiscovererRegistry: defined in null
	- entityLinksPluginRegistry: defined by method 'entityLinksPluginRegistry' in class path resource [org/springframework/hateoas/config/WebMvcEntityLinksConfiguration.class]


Action:

Consider marking one of the beans as @Primary, updating the consumer to accept multiple beans, or using @Qualifier to identify the bean that should be consumed

01:54:15.942 [main] INFO  c.l.s.SpringbootDemoApplication - Starting SpringbootDemoApplication using Java 1.8.0_391 on lizhankangdebijibendiannao.local with PID 27422 (/Users/lizhankang/privateProjects/javaProjects/springboot-demo/target/classes started by lizhankang in /Users/lizhankang/privateProjects/javaProjects/springboot-demo)
01:54:15.944 [main] INFO  c.l.s.SpringbootDemoApplication - The following 1 profile is active: "dev"
01:54:16.321 [main] INFO  o.s.b.w.e.tomcat.TomcatWebServer - Tomcat initialized with port(s): 8080 (http)
01:54:16.324 [main] INFO  o.a.coyote.http11.Http11NioProtocol - Initializing ProtocolHandler ["http-nio-8080"]
01:54:16.324 [main] INFO  o.a.catalina.core.StandardService - Starting service [Tomcat]
01:54:16.324 [main] INFO  o.a.catalina.core.StandardEngine - Starting Servlet engine: [Apache Tomcat/9.0.68]
01:54:16.378 [main] INFO  o.a.c.c.C.[Tomcat].[localhost].[/] - Initializing Spring embedded WebApplicationContext
01:54:16.378 [main] INFO  o.s.b.w.s.c.ServletWebServerApplicationContext - Root WebApplicationContext: initialization completed in 412 ms
01:54:16.490 [main] INFO  o.s.b.a.w.s.WelcomePageHandlerMapping - Adding welcome page: class path resource [static/index.html]
01:54:16.512 [main] WARN  o.s.b.w.s.c.AnnotationConfigServletWebServerApplicationContext - Exception encountered during context initialization - cancelling refresh attempt: org.springframework.beans.factory.UnsatisfiedDependencyException: Error creating bean with name 'linkDiscoverers' defined in class path resource [org/springframework/hateoas/config/HateoasConfiguration.class]: Unsatisfied dependency expressed through method 'linkDiscoverers' parameter 0; nested exception is org.springframework.beans.factory.NoUniqueBeanDefinitionException: No qualifying bean of type 'org.springframework.plugin.core.PluginRegistry<org.springframework.hateoas.client.LinkDiscoverer, org.springframework.http.MediaType>' available: expected single matching bean but found 3: relProviderPluginRegistry,linkDiscovererRegistry,entityLinksPluginRegistry
01:54:16.514 [main] INFO  o.a.catalina.core.StandardService - Stopping service [Tomcat]
01:54:16.519 [main] INFO  o.s.b.a.l.ConditionEvaluationReportLoggingListener - 

Error starting ApplicationContext. To display the conditions report re-run your application with 'debug' enabled.
01:54:16.524 [main] ERROR o.s.b.d.LoggingFailureAnalysisReporter - 

***************************
APPLICATION FAILED TO START
***************************

Description:

Parameter 0 of method linkDiscoverers in org.springframework.hateoas.config.HateoasConfiguration required a single bean, but 3 were found:
	- relProviderPluginRegistry: defined by method 'relProviderPluginRegistry' in class path resource [org/springframework/hateoas/config/HateoasConfiguration.class]
	- linkDiscovererRegistry: defined in null
	- entityLinksPluginRegistry: defined by method 'entityLinksPluginRegistry' in class path resource [org/springframework/hateoas/config/WebMvcEntityLinksConfiguration.class]


Action:

Consider marking one of the beans as @Primary, updating the consumer to accept multiple beans, or using @Qualifier to identify the bean that should be consumed

01:55:17.530 [main] INFO  c.l.s.SpringbootDemoApplication - Starting SpringbootDemoApplication using Java 1.8.0_391 on lizhankangdebijibendiannao.local with PID 27489 (/Users/lizhankang/privateProjects/javaProjects/springboot-demo/target/classes started by lizhankang in /Users/lizhankang/privateProjects/javaProjects/springboot-demo)
01:55:17.531 [main] INFO  c.l.s.SpringbootDemoApplication - The following 1 profile is active: "dev"
01:55:17.911 [main] INFO  o.s.b.w.e.tomcat.TomcatWebServer - Tomcat initialized with port(s): 8080 (http)
01:55:17.915 [main] INFO  o.a.coyote.http11.Http11NioProtocol - Initializing ProtocolHandler ["http-nio-8080"]
01:55:17.915 [main] INFO  o.a.catalina.core.StandardService - Starting service [Tomcat]
01:55:17.915 [main] INFO  o.a.catalina.core.StandardEngine - Starting Servlet engine: [Apache Tomcat/9.0.68]
01:55:17.977 [main] INFO  o.a.c.c.C.[Tomcat].[localhost].[/] - Initializing Spring embedded WebApplicationContext
01:55:17.977 [main] INFO  o.s.b.w.s.c.ServletWebServerApplicationContext - Root WebApplicationContext: initialization completed in 426 ms
01:55:18.101 [main] INFO  o.s.b.a.w.s.WelcomePageHandlerMapping - Adding welcome page: class path resource [static/index.html]
01:55:18.128 [main] WARN  o.s.b.w.s.c.AnnotationConfigServletWebServerApplicationContext - Exception encountered during context initialization - cancelling refresh attempt: org.springframework.beans.factory.UnsatisfiedDependencyException: Error creating bean with name 'linkDiscoverers' defined in class path resource [org/springframework/hateoas/config/HateoasConfiguration.class]: Unsatisfied dependency expressed through method 'linkDiscoverers' parameter 0; nested exception is org.springframework.beans.factory.NoUniqueBeanDefinitionException: No qualifying bean of type 'org.springframework.plugin.core.PluginRegistry<org.springframework.hateoas.client.LinkDiscoverer, org.springframework.http.MediaType>' available: expected single matching bean but found 3: relProviderPluginRegistry,linkDiscovererRegistry,entityLinksPluginRegistry
01:55:18.131 [main] INFO  o.a.catalina.core.StandardService - Stopping service [Tomcat]
01:55:18.138 [main] INFO  o.s.b.a.l.ConditionEvaluationReportLoggingListener - 

Error starting ApplicationContext. To display the conditions report re-run your application with 'debug' enabled.
01:55:18.145 [main] ERROR o.s.b.d.LoggingFailureAnalysisReporter - 

***************************
APPLICATION FAILED TO START
***************************

Description:

Parameter 0 of method linkDiscoverers in org.springframework.hateoas.config.HateoasConfiguration required a single bean, but 3 were found:
	- relProviderPluginRegistry: defined by method 'relProviderPluginRegistry' in class path resource [org/springframework/hateoas/config/HateoasConfiguration.class]
	- linkDiscovererRegistry: defined in null
	- entityLinksPluginRegistry: defined by method 'entityLinksPluginRegistry' in class path resource [org/springframework/hateoas/config/WebMvcEntityLinksConfiguration.class]


Action:

Consider marking one of the beans as @Primary, updating the consumer to accept multiple beans, or using @Qualifier to identify the bean that should be consumed

01:55:49.467 [main] INFO  c.l.s.SpringbootDemoApplication - Starting SpringbootDemoApplication using Java 1.8.0_391 on lizhankangdebijibendiannao.local with PID 27520 (/Users/lizhankang/privateProjects/javaProjects/springboot-demo/target/classes started by lizhankang in /Users/lizhankang/privateProjects/javaProjects/springboot-demo)
01:55:49.468 [main] INFO  c.l.s.SpringbootDemoApplication - The following 1 profile is active: "dev"
01:55:49.836 [main] INFO  o.s.b.w.e.tomcat.TomcatWebServer - Tomcat initialized with port(s): 8080 (http)
01:55:49.840 [main] INFO  o.a.coyote.http11.Http11NioProtocol - Initializing ProtocolHandler ["http-nio-8080"]
01:55:49.840 [main] INFO  o.a.catalina.core.StandardService - Starting service [Tomcat]
01:55:49.840 [main] INFO  o.a.catalina.core.StandardEngine - Starting Servlet engine: [Apache Tomcat/9.0.68]
01:55:49.902 [main] INFO  o.a.c.c.C.[Tomcat].[localhost].[/] - Initializing Spring embedded WebApplicationContext
01:55:49.902 [main] INFO  o.s.b.w.s.c.ServletWebServerApplicationContext - Root WebApplicationContext: initialization completed in 417 ms
01:55:50.025 [main] INFO  o.s.b.a.w.s.WelcomePageHandlerMapping - Adding welcome page: class path resource [static/index.html]
01:55:50.051 [main] WARN  o.s.b.w.s.c.AnnotationConfigServletWebServerApplicationContext - Exception encountered during context initialization - cancelling refresh attempt: org.springframework.beans.factory.UnsatisfiedDependencyException: Error creating bean with name 'linkDiscoverers' defined in class path resource [org/springframework/hateoas/config/HateoasConfiguration.class]: Unsatisfied dependency expressed through method 'linkDiscoverers' parameter 0; nested exception is org.springframework.beans.factory.NoUniqueBeanDefinitionException: No qualifying bean of type 'org.springframework.plugin.core.PluginRegistry<org.springframework.hateoas.client.LinkDiscoverer, org.springframework.http.MediaType>' available: expected single matching bean but found 3: relProviderPluginRegistry,linkDiscovererRegistry,entityLinksPluginRegistry
01:55:50.053 [main] INFO  o.a.catalina.core.StandardService - Stopping service [Tomcat]
01:55:50.059 [main] INFO  o.s.b.a.l.ConditionEvaluationReportLoggingListener - 

Error starting ApplicationContext. To display the conditions report re-run your application with 'debug' enabled.
01:55:50.065 [main] ERROR o.s.b.d.LoggingFailureAnalysisReporter - 

***************************
APPLICATION FAILED TO START
***************************

Description:

Parameter 0 of method linkDiscoverers in org.springframework.hateoas.config.HateoasConfiguration required a single bean, but 3 were found:
	- relProviderPluginRegistry: defined by method 'relProviderPluginRegistry' in class path resource [org/springframework/hateoas/config/HateoasConfiguration.class]
	- linkDiscovererRegistry: defined in null
	- entityLinksPluginRegistry: defined by method 'entityLinksPluginRegistry' in class path resource [org/springframework/hateoas/config/WebMvcEntityLinksConfiguration.class]


Action:

Consider marking one of the beans as @Primary, updating the consumer to accept multiple beans, or using @Qualifier to identify the bean that should be consumed

01:56:44.882 [main] INFO  c.l.s.SpringbootDemoApplication - Starting SpringbootDemoApplication using Java 1.8.0_391 on lizhankangdebijibendiannao.local with PID 27571 (/Users/lizhankang/privateProjects/javaProjects/springboot-demo/target/classes started by lizhankang in /Users/lizhankang/privateProjects/javaProjects/springboot-demo)
01:56:44.883 [main] INFO  c.l.s.SpringbootDemoApplication - The following 1 profile is active: "dev"
01:56:45.249 [main] INFO  o.s.b.w.e.tomcat.TomcatWebServer - Tomcat initialized with port(s): 8080 (http)
01:56:45.253 [main] INFO  o.a.coyote.http11.Http11NioProtocol - Initializing ProtocolHandler ["http-nio-8080"]
01:56:45.253 [main] INFO  o.a.catalina.core.StandardService - Starting service [Tomcat]
01:56:45.253 [main] INFO  o.a.catalina.core.StandardEngine - Starting Servlet engine: [Apache Tomcat/9.0.68]
01:56:45.315 [main] INFO  o.a.c.c.C.[Tomcat].[localhost].[/] - Initializing Spring embedded WebApplicationContext
01:56:45.315 [main] INFO  o.s.b.w.s.c.ServletWebServerApplicationContext - Root WebApplicationContext: initialization completed in 415 ms
01:56:45.428 [main] INFO  o.s.b.a.w.s.WelcomePageHandlerMapping - Adding welcome page: class path resource [static/index.html]
01:56:45.450 [main] WARN  o.s.b.w.s.c.AnnotationConfigServletWebServerApplicationContext - Exception encountered during context initialization - cancelling refresh attempt: org.springframework.beans.factory.UnsatisfiedDependencyException: Error creating bean with name 'linkDiscoverers' defined in class path resource [org/springframework/hateoas/config/HateoasConfiguration.class]: Unsatisfied dependency expressed through method 'linkDiscoverers' parameter 0; nested exception is org.springframework.beans.factory.NoUniqueBeanDefinitionException: No qualifying bean of type 'org.springframework.plugin.core.PluginRegistry<org.springframework.hateoas.client.LinkDiscoverer, org.springframework.http.MediaType>' available: expected single matching bean but found 3: relProviderPluginRegistry,linkDiscovererRegistry,entityLinksPluginRegistry
01:56:45.452 [main] INFO  o.a.catalina.core.StandardService - Stopping service [Tomcat]
01:56:45.458 [main] INFO  o.s.b.a.l.ConditionEvaluationReportLoggingListener - 

Error starting ApplicationContext. To display the conditions report re-run your application with 'debug' enabled.
01:56:45.464 [main] ERROR o.s.b.d.LoggingFailureAnalysisReporter - 

***************************
APPLICATION FAILED TO START
***************************

Description:

Parameter 0 of method linkDiscoverers in org.springframework.hateoas.config.HateoasConfiguration required a single bean, but 3 were found:
	- relProviderPluginRegistry: defined by method 'relProviderPluginRegistry' in class path resource [org/springframework/hateoas/config/HateoasConfiguration.class]
	- linkDiscovererRegistry: defined in null
	- entityLinksPluginRegistry: defined by method 'entityLinksPluginRegistry' in class path resource [org/springframework/hateoas/config/WebMvcEntityLinksConfiguration.class]


Action:

Consider marking one of the beans as @Primary, updating the consumer to accept multiple beans, or using @Qualifier to identify the bean that should be consumed

01:58:22.127 [main] INFO  c.l.s.SpringbootDemoApplication - Starting SpringbootDemoApplication using Java 1.8.0_391 on lizhankangdebijibendiannao.local with PID 27671 (/Users/lizhankang/privateProjects/javaProjects/springboot-demo/target/classes started by lizhankang in /Users/lizhankang/privateProjects/javaProjects/springboot-demo)
01:58:22.128 [main] INFO  c.l.s.SpringbootDemoApplication - The following 1 profile is active: "dev"
01:58:22.496 [main] INFO  o.s.b.w.e.tomcat.TomcatWebServer - Tomcat initialized with port(s): 8080 (http)
01:58:22.499 [main] INFO  o.a.coyote.http11.Http11NioProtocol - Initializing ProtocolHandler ["http-nio-8080"]
01:58:22.500 [main] INFO  o.a.catalina.core.StandardService - Starting service [Tomcat]
01:58:22.500 [main] INFO  o.a.catalina.core.StandardEngine - Starting Servlet engine: [Apache Tomcat/9.0.68]
01:58:22.558 [main] INFO  o.a.c.c.C.[Tomcat].[localhost].[/] - Initializing Spring embedded WebApplicationContext
01:58:22.558 [main] INFO  o.s.b.w.s.c.ServletWebServerApplicationContext - Root WebApplicationContext: initialization completed in 413 ms
01:58:22.675 [main] INFO  o.s.b.a.w.s.WelcomePageHandlerMapping - Adding welcome page: class path resource [static/index.html]
01:58:22.697 [main] WARN  o.s.b.w.s.c.AnnotationConfigServletWebServerApplicationContext - Exception encountered during context initialization - cancelling refresh attempt: org.springframework.beans.factory.UnsatisfiedDependencyException: Error creating bean with name 'linkDiscoverers' defined in class path resource [org/springframework/hateoas/config/HateoasConfiguration.class]: Unsatisfied dependency expressed through method 'linkDiscoverers' parameter 0; nested exception is org.springframework.beans.factory.NoUniqueBeanDefinitionException: No qualifying bean of type 'org.springframework.plugin.core.PluginRegistry<org.springframework.hateoas.client.LinkDiscoverer, org.springframework.http.MediaType>' available: expected single matching bean but found 3: relProviderPluginRegistry,linkDiscovererRegistry,entityLinksPluginRegistry
01:58:22.699 [main] INFO  o.a.catalina.core.StandardService - Stopping service [Tomcat]
01:58:22.705 [main] INFO  o.s.b.a.l.ConditionEvaluationReportLoggingListener - 

Error starting ApplicationContext. To display the conditions report re-run your application with 'debug' enabled.
01:58:22.711 [main] ERROR o.s.b.d.LoggingFailureAnalysisReporter - 

***************************
APPLICATION FAILED TO START
***************************

Description:

Parameter 0 of method linkDiscoverers in org.springframework.hateoas.config.HateoasConfiguration required a single bean, but 3 were found:
	- relProviderPluginRegistry: defined by method 'relProviderPluginRegistry' in class path resource [org/springframework/hateoas/config/HateoasConfiguration.class]
	- linkDiscovererRegistry: defined in null
	- entityLinksPluginRegistry: defined by method 'entityLinksPluginRegistry' in class path resource [org/springframework/hateoas/config/WebMvcEntityLinksConfiguration.class]


Action:

Consider marking one of the beans as @Primary, updating the consumer to accept multiple beans, or using @Qualifier to identify the bean that should be consumed

01:58:40.003 [main] INFO  c.l.s.SpringbootDemoApplication - Starting SpringbootDemoApplication using Java 1.8.0_391 on lizhankangdebijibendiannao.local with PID 27694 (/Users/lizhankang/privateProjects/javaProjects/springboot-demo/target/classes started by lizhankang in /Users/lizhankang/privateProjects/javaProjects/springboot-demo)
01:58:40.004 [main] INFO  c.l.s.SpringbootDemoApplication - The following 1 profile is active: "dev"
01:58:40.341 [main] INFO  o.s.b.w.e.tomcat.TomcatWebServer - Tomcat initialized with port(s): 8080 (http)
01:58:40.344 [main] INFO  o.a.coyote.http11.Http11NioProtocol - Initializing ProtocolHandler ["http-nio-8080"]
01:58:40.345 [main] INFO  o.a.catalina.core.StandardService - Starting service [Tomcat]
01:58:40.345 [main] INFO  o.a.catalina.core.StandardEngine - Starting Servlet engine: [Apache Tomcat/9.0.68]
01:58:40.396 [main] INFO  o.a.c.c.C.[Tomcat].[localhost].[/] - Initializing Spring embedded WebApplicationContext
01:58:40.397 [main] INFO  o.s.b.w.s.c.ServletWebServerApplicationContext - Root WebApplicationContext: initialization completed in 376 ms
01:58:40.495 [main] INFO  o.s.b.a.w.s.WelcomePageHandlerMapping - Adding welcome page: class path resource [static/index.html]
01:58:40.526 [main] INFO  o.a.coyote.http11.Http11NioProtocol - Starting ProtocolHandler ["http-nio-8080"]
01:58:40.544 [main] INFO  o.s.b.w.e.tomcat.TomcatWebServer - Tomcat started on port(s): 8080 (http) with context path ''
01:58:40.550 [main] INFO  c.l.s.SpringbootDemoApplication - Started SpringbootDemoApplication in 0.733 seconds (JVM running for 0.94)
01:58:52.823 [http-nio-8080-exec-1] INFO  o.a.c.c.C.[Tomcat].[localhost].[/] - Initializing Spring DispatcherServlet 'dispatcherServlet'
01:58:52.823 [http-nio-8080-exec-1] INFO  o.s.web.servlet.DispatcherServlet - Initializing Servlet 'dispatcherServlet'
01:58:52.824 [http-nio-8080-exec-1] INFO  o.s.web.servlet.DispatcherServlet - Completed initialization in 1 ms
01:58:52.833 [http-nio-8080-exec-1] INFO  c.l.s.c.SpringBootDemoController - =====获取的订单服务地址为：http://localhost:9002
01:58:52.833 [http-nio-8080-exec-1] INFO  c.l.s.c.SpringBootDemoController - =====获取的用户服务地址为：http://localhost:9003
01:58:52.833 [http-nio-8080-exec-1] INFO  c.l.s.c.SpringBootDemoController - =====获取的购物车服务地址为：http://localhost:9004
01:59:17.002 [main] INFO  c.l.s.SpringbootDemoApplication - Starting SpringbootDemoApplication using Java 1.8.0_391 on lizhankangdebijibendiannao.local with PID 27746 (/Users/lizhankang/privateProjects/javaProjects/springboot-demo/target/classes started by lizhankang in /Users/lizhankang/privateProjects/javaProjects/springboot-demo)
01:59:17.004 [main] INFO  c.l.s.SpringbootDemoApplication - The following 1 profile is active: "dev"
01:59:17.371 [main] INFO  o.s.b.w.e.tomcat.TomcatWebServer - Tomcat initialized with port(s): 8080 (http)
01:59:17.375 [main] INFO  o.a.coyote.http11.Http11NioProtocol - Initializing ProtocolHandler ["http-nio-8080"]
01:59:17.375 [main] INFO  o.a.catalina.core.StandardService - Starting service [Tomcat]
01:59:17.375 [main] INFO  o.a.catalina.core.StandardEngine - Starting Servlet engine: [Apache Tomcat/9.0.68]
01:59:17.436 [main] INFO  o.a.c.c.C.[Tomcat].[localhost].[/] - Initializing Spring embedded WebApplicationContext
01:59:17.436 [main] INFO  o.s.b.w.s.c.ServletWebServerApplicationContext - Root WebApplicationContext: initialization completed in 414 ms
01:59:17.556 [main] INFO  o.s.b.a.w.s.WelcomePageHandlerMapping - Adding welcome page: class path resource [static/index.html]
01:59:17.581 [main] WARN  o.s.b.w.s.c.AnnotationConfigServletWebServerApplicationContext - Exception encountered during context initialization - cancelling refresh attempt: org.springframework.beans.factory.UnsatisfiedDependencyException: Error creating bean with name 'linkDiscoverers' defined in class path resource [org/springframework/hateoas/config/HateoasConfiguration.class]: Unsatisfied dependency expressed through method 'linkDiscoverers' parameter 0; nested exception is org.springframework.beans.factory.NoUniqueBeanDefinitionException: No qualifying bean of type 'org.springframework.plugin.core.PluginRegistry<org.springframework.hateoas.client.LinkDiscoverer, org.springframework.http.MediaType>' available: expected single matching bean but found 3: relProviderPluginRegistry,linkDiscovererRegistry,entityLinksPluginRegistry
01:59:17.583 [main] INFO  o.a.catalina.core.StandardService - Stopping service [Tomcat]
01:59:17.589 [main] INFO  o.s.b.a.l.ConditionEvaluationReportLoggingListener - 

Error starting ApplicationContext. To display the conditions report re-run your application with 'debug' enabled.
01:59:17.595 [main] ERROR o.s.b.d.LoggingFailureAnalysisReporter - 

***************************
APPLICATION FAILED TO START
***************************

Description:

Parameter 0 of method linkDiscoverers in org.springframework.hateoas.config.HateoasConfiguration required a single bean, but 3 were found:
	- relProviderPluginRegistry: defined by method 'relProviderPluginRegistry' in class path resource [org/springframework/hateoas/config/HateoasConfiguration.class]
	- linkDiscovererRegistry: defined in null
	- entityLinksPluginRegistry: defined by method 'entityLinksPluginRegistry' in class path resource [org/springframework/hateoas/config/WebMvcEntityLinksConfiguration.class]


Action:

Consider marking one of the beans as @Primary, updating the consumer to accept multiple beans, or using @Qualifier to identify the bean that should be consumed

