12:12:28.282 [main] INFO  c.l.s.SpringbootDemoApplication - Starting SpringbootDemoApplication using Java 1.8.0_391 on lizhankangdebijibendiannao.local with PID 45364 (/Users/lizhankang/privateProjects/javaProjects/springboot-demo/target/classes started by lizhankang in /Users/lizhankang/privateProjects/javaProjects/springboot-demo)
12:12:28.284 [main] INFO  c.l.s.SpringbootDemoApplication - The following 1 profile is active: "dev"
12:12:28.732 [main] INFO  o.s.b.w.e.tomcat.TomcatWebServer - Tomcat initialized with port(s): 8080 (http)
12:12:28.735 [main] INFO  o.a.coyote.http11.Http11NioProtocol - Initializing ProtocolHandler ["http-nio-8080"]
12:12:28.736 [main] INFO  o.a.catalina.core.StandardService - Starting service [Tomcat]
12:12:28.736 [main] INFO  o.a.catalina.core.StandardEngine - Starting Servlet engine: [Apache Tomcat/9.0.68]
12:12:28.795 [main] INFO  o.a.c.c.C.[Tomcat].[localhost].[/] - Initializing Spring embedded WebApplicationContext
12:12:28.795 [main] INFO  o.s.b.w.s.c.ServletWebServerApplicationContext - Root WebApplicationContext: initialization completed in 493 ms
12:12:28.952 [main] INFO  s.d.s.w.PropertySourcedRequestMappingHandlerMapping - Mapped URL path [/v2/api-docs] onto method [springfox.documentation.swagger2.web.Swagger2Controller#getDocumentation(String, HttpServletRequest)]
12:12:29.016 [main] INFO  o.s.b.a.w.s.WelcomePageHandlerMapping - Adding welcome page: class path resource [static/index.html]
12:12:29.048 [main] INFO  o.a.coyote.http11.Http11NioProtocol - Starting ProtocolHandler ["http-nio-8080"]
12:12:29.088 [main] INFO  o.s.b.w.e.tomcat.TomcatWebServer - Tomcat started on port(s): 8080 (http) with context path ''
12:12:29.089 [main] INFO  s.d.s.w.p.DocumentationPluginsBootstrapper - Context refreshed
12:12:29.096 [main] INFO  s.d.s.w.p.DocumentationPluginsBootstrapper - Found 1 custom documentation plugin(s)
12:12:29.113 [main] INFO  s.d.s.w.s.ApiListingReferenceScanner - Scanning for api listing references
12:12:29.206 [main] INFO  s.d.s.w.r.o.CachingOperationNameGenerator - Generating unique operation named: testFormUsingPOST_1
12:12:29.219 [main] INFO  s.d.s.w.r.o.CachingOperationNameGenerator - Generating unique operation named: testPathVariableUsingGET_1
12:12:29.242 [main] INFO  c.l.s.SpringbootDemoApplication - Started SpringbootDemoApplication in 1.171 seconds (JVM running for 1.409)
12:12:36.424 [http-nio-8080-exec-1] INFO  o.a.c.c.C.[Tomcat].[localhost].[/] - Initializing Spring DispatcherServlet 'dispatcherServlet'
12:12:36.425 [http-nio-8080-exec-1] INFO  o.s.web.servlet.DispatcherServlet - Initializing Servlet 'dispatcherServlet'
12:12:36.426 [http-nio-8080-exec-1] INFO  o.s.web.servlet.DispatcherServlet - Completed initialization in 1 ms
12:14:23.188 [main] INFO  c.l.s.SpringbootDemoApplication - Starting SpringbootDemoApplication using Java 1.8.0_391 on lizhankangdebijibendiannao.local with PID 45476 (/Users/lizhankang/privateProjects/javaProjects/springboot-demo/target/classes started by lizhankang in /Users/lizhankang/privateProjects/javaProjects/springboot-demo)
12:14:23.189 [main] INFO  c.l.s.SpringbootDemoApplication - The following 1 profile is active: "dev"
12:14:23.640 [main] INFO  o.s.b.w.e.tomcat.TomcatWebServer - Tomcat initialized with port(s): 8080 (http)
12:14:23.644 [main] INFO  o.a.coyote.http11.Http11NioProtocol - Initializing ProtocolHandler ["http-nio-8080"]
12:14:23.644 [main] INFO  o.a.catalina.core.StandardService - Starting service [Tomcat]
12:14:23.644 [main] INFO  o.a.catalina.core.StandardEngine - Starting Servlet engine: [Apache Tomcat/9.0.68]
12:14:23.718 [main] INFO  o.a.c.c.C.[Tomcat].[localhost].[/] - Initializing Spring embedded WebApplicationContext
12:14:23.718 [main] INFO  o.s.b.w.s.c.ServletWebServerApplicationContext - Root WebApplicationContext: initialization completed in 510 ms
12:14:23.863 [main] INFO  s.d.s.w.PropertySourcedRequestMappingHandlerMapping - Mapped URL path [/v2/api-docs] onto method [springfox.documentation.swagger2.web.Swagger2Controller#getDocumentation(String, HttpServletRequest)]
12:14:23.918 [main] INFO  o.s.b.a.w.s.WelcomePageHandlerMapping - Adding welcome page: class path resource [static/index.html]
12:14:23.949 [main] INFO  o.a.coyote.http11.Http11NioProtocol - Starting ProtocolHandler ["http-nio-8080"]
12:14:23.994 [main] INFO  o.s.b.w.e.tomcat.TomcatWebServer - Tomcat started on port(s): 8080 (http) with context path ''
12:14:23.995 [main] INFO  s.d.s.w.p.DocumentationPluginsBootstrapper - Context refreshed
12:14:24.002 [main] INFO  s.d.s.w.p.DocumentationPluginsBootstrapper - Found 1 custom documentation plugin(s)
12:14:24.019 [main] INFO  s.d.s.w.s.ApiListingReferenceScanner - Scanning for api listing references
12:14:24.107 [main] INFO  s.d.s.w.r.o.CachingOperationNameGenerator - Generating unique operation named: testFormUsingPOST_1
12:14:24.121 [main] INFO  s.d.s.w.r.o.CachingOperationNameGenerator - Generating unique operation named: testPathVariableUsingGET_1
12:14:24.144 [main] INFO  c.l.s.SpringbootDemoApplication - Started SpringbootDemoApplication in 1.167 seconds (JVM running for 1.456)
12:14:26.993 [http-nio-8080-exec-1] INFO  o.a.c.c.C.[Tomcat].[localhost].[/] - Initializing Spring DispatcherServlet 'dispatcherServlet'
12:14:26.993 [http-nio-8080-exec-1] INFO  o.s.web.servlet.DispatcherServlet - Initializing Servlet 'dispatcherServlet'
12:14:26.994 [http-nio-8080-exec-1] INFO  o.s.web.servlet.DispatcherServlet - Completed initialization in 1 ms
12:19:25.709 [main] INFO  c.l.s.SpringbootDemoApplication - Starting SpringbootDemoApplication using Java 1.8.0_391 on lizhankangdebijibendiannao.local with PID 45781 (/Users/lizhankang/privateProjects/javaProjects/springboot-demo/target/classes started by lizhankang in /Users/lizhankang/privateProjects/javaProjects/springboot-demo)
12:19:25.711 [main] INFO  c.l.s.SpringbootDemoApplication - The following 1 profile is active: "dev"
12:19:26.123 [main] INFO  o.s.b.w.e.tomcat.TomcatWebServer - Tomcat initialized with port(s): 8080 (http)
12:19:26.126 [main] INFO  o.a.coyote.http11.Http11NioProtocol - Initializing ProtocolHandler ["http-nio-8080"]
12:19:26.126 [main] INFO  o.a.catalina.core.StandardService - Starting service [Tomcat]
12:19:26.127 [main] INFO  o.a.catalina.core.StandardEngine - Starting Servlet engine: [Apache Tomcat/9.0.68]
12:19:26.187 [main] INFO  o.a.c.c.C.[Tomcat].[localhost].[/] - Initializing Spring embedded WebApplicationContext
12:19:26.187 [main] INFO  o.s.b.w.s.c.ServletWebServerApplicationContext - Root WebApplicationContext: initialization completed in 459 ms
12:19:26.335 [main] INFO  s.d.s.w.PropertySourcedRequestMappingHandlerMapping - Mapped URL path [/v2/api-docs] onto method [springfox.documentation.swagger2.web.Swagger2Controller#getDocumentation(String, HttpServletRequest)]
12:19:26.390 [main] INFO  o.s.b.a.w.s.WelcomePageHandlerMapping - Adding welcome page: class path resource [static/index.html]
12:19:26.420 [main] INFO  o.a.coyote.http11.Http11NioProtocol - Starting ProtocolHandler ["http-nio-8080"]
12:19:26.432 [main] INFO  o.s.b.w.e.tomcat.TomcatWebServer - Tomcat started on port(s): 8080 (http) with context path ''
12:19:26.432 [main] INFO  s.d.s.w.p.DocumentationPluginsBootstrapper - Context refreshed
12:19:26.437 [main] INFO  s.d.s.w.p.DocumentationPluginsBootstrapper - Found 1 custom documentation plugin(s)
12:19:26.480 [main] INFO  s.d.s.w.s.ApiListingReferenceScanner - Scanning for api listing references
12:19:26.564 [main] INFO  s.d.s.w.r.o.CachingOperationNameGenerator - Generating unique operation named: testFormUsingPOST_1
12:19:26.576 [main] INFO  s.d.s.w.r.o.CachingOperationNameGenerator - Generating unique operation named: testPathVariableUsingGET_1
12:19:26.600 [main] INFO  c.l.s.SpringbootDemoApplication - Started SpringbootDemoApplication in 1.081 seconds (JVM running for 1.289)
12:19:30.376 [http-nio-8080-exec-1] INFO  o.a.c.c.C.[Tomcat].[localhost].[/] - Initializing Spring DispatcherServlet 'dispatcherServlet'
12:19:30.376 [http-nio-8080-exec-1] INFO  o.s.web.servlet.DispatcherServlet - Initializing Servlet 'dispatcherServlet'
12:19:30.377 [http-nio-8080-exec-1] INFO  o.s.web.servlet.DispatcherServlet - Completed initialization in 1 ms
12:20:38.163 [http-nio-8080-exec-4] INFO  c.l.s.controller.BasicController - 日志记录: lisi
12:20:49.808 [http-nio-8080-exec-5] INFO  c.l.s.controller.BasicController - 日志记录: unknown user
12:21:03.039 [http-nio-8080-exec-6] INFO  c.l.s.controller.BasicController - 日志记录: lisi
12:21:42.440 [main] INFO  c.l.s.SpringbootDemoApplication - Starting SpringbootDemoApplication using Java 1.8.0_391 on lizhankangdebijibendiannao.local with PID 45930 (/Users/lizhankang/privateProjects/javaProjects/springboot-demo/target/classes started by lizhankang in /Users/lizhankang/privateProjects/javaProjects/springboot-demo)
12:21:42.441 [main] INFO  c.l.s.SpringbootDemoApplication - The following 1 profile is active: "dev"
12:21:42.853 [main] INFO  o.s.b.w.e.tomcat.TomcatWebServer - Tomcat initialized with port(s): 8080 (http)
12:21:42.856 [main] INFO  o.a.coyote.http11.Http11NioProtocol - Initializing ProtocolHandler ["http-nio-8080"]
12:21:42.856 [main] INFO  o.a.catalina.core.StandardService - Starting service [Tomcat]
12:21:42.856 [main] INFO  o.a.catalina.core.StandardEngine - Starting Servlet engine: [Apache Tomcat/9.0.68]
12:21:42.911 [main] INFO  o.a.c.c.C.[Tomcat].[localhost].[/] - Initializing Spring embedded WebApplicationContext
12:21:42.911 [main] INFO  o.s.b.w.s.c.ServletWebServerApplicationContext - Root WebApplicationContext: initialization completed in 451 ms
12:21:43.048 [main] INFO  s.d.s.w.PropertySourcedRequestMappingHandlerMapping - Mapped URL path [/v2/api-docs] onto method [springfox.documentation.swagger2.web.Swagger2Controller#getDocumentation(String, HttpServletRequest)]
12:21:43.098 [main] INFO  o.s.b.a.w.s.WelcomePageHandlerMapping - Adding welcome page: class path resource [static/index.html]
12:21:43.129 [main] INFO  o.a.coyote.http11.Http11NioProtocol - Starting ProtocolHandler ["http-nio-8080"]
12:21:43.141 [main] INFO  o.s.b.w.e.tomcat.TomcatWebServer - Tomcat started on port(s): 8080 (http) with context path ''
12:21:43.142 [main] INFO  s.d.s.w.p.DocumentationPluginsBootstrapper - Context refreshed
12:21:43.146 [main] INFO  s.d.s.w.p.DocumentationPluginsBootstrapper - Found 1 custom documentation plugin(s)
12:21:43.162 [main] INFO  s.d.s.w.s.ApiListingReferenceScanner - Scanning for api listing references
12:21:43.276 [main] INFO  s.d.s.w.r.o.CachingOperationNameGenerator - Generating unique operation named: testFormUsingPOST_1
12:21:43.288 [main] INFO  s.d.s.w.r.o.CachingOperationNameGenerator - Generating unique operation named: testPathVariableUsingGET_1
12:21:43.310 [main] INFO  c.l.s.SpringbootDemoApplication - Started SpringbootDemoApplication in 1.064 seconds (JVM running for 1.27)
12:21:46.379 [http-nio-8080-exec-1] INFO  o.a.c.c.C.[Tomcat].[localhost].[/] - Initializing Spring DispatcherServlet 'dispatcherServlet'
12:21:46.379 [http-nio-8080-exec-1] INFO  o.s.web.servlet.DispatcherServlet - Initializing Servlet 'dispatcherServlet'
12:21:46.380 [http-nio-8080-exec-1] INFO  o.s.web.servlet.DispatcherServlet - Completed initialization in 1 ms
12:21:46.393 [http-nio-8080-exec-1] INFO  c.l.s.controller.BasicController - 日志记录: lisi
12:21:54.871 [http-nio-8080-exec-2] INFO  c.l.s.controller.BasicController - 日志记录: lisi
12:22:00.146 [http-nio-8080-exec-3] INFO  c.l.s.controller.BasicController - 日志记录: unknown user
12:22:24.828 [main] INFO  c.l.s.SpringbootDemoApplication - Starting SpringbootDemoApplication using Java 1.8.0_391 on lizhankangdebijibendiannao.local with PID 45968 (/Users/lizhankang/privateProjects/javaProjects/springboot-demo/target/classes started by lizhankang in /Users/lizhankang/privateProjects/javaProjects/springboot-demo)
12:22:24.830 [main] INFO  c.l.s.SpringbootDemoApplication - The following 1 profile is active: "dev"
12:22:25.260 [main] INFO  o.s.b.w.e.tomcat.TomcatWebServer - Tomcat initialized with port(s): 8080 (http)
12:22:25.263 [main] INFO  o.a.coyote.http11.Http11NioProtocol - Initializing ProtocolHandler ["http-nio-8080"]
12:22:25.264 [main] INFO  o.a.catalina.core.StandardService - Starting service [Tomcat]
12:22:25.264 [main] INFO  o.a.catalina.core.StandardEngine - Starting Servlet engine: [Apache Tomcat/9.0.68]
12:22:25.324 [main] INFO  o.a.c.c.C.[Tomcat].[localhost].[/] - Initializing Spring embedded WebApplicationContext
12:22:25.324 [main] INFO  o.s.b.w.s.c.ServletWebServerApplicationContext - Root WebApplicationContext: initialization completed in 467 ms
12:22:25.473 [main] INFO  s.d.s.w.PropertySourcedRequestMappingHandlerMapping - Mapped URL path [/v2/api-docs] onto method [springfox.documentation.swagger2.web.Swagger2Controller#getDocumentation(String, HttpServletRequest)]
12:22:25.527 [main] INFO  o.s.b.a.w.s.WelcomePageHandlerMapping - Adding welcome page: class path resource [static/index.html]
12:22:25.557 [main] INFO  o.a.coyote.http11.Http11NioProtocol - Starting ProtocolHandler ["http-nio-8080"]
12:22:25.596 [main] INFO  o.s.b.w.e.tomcat.TomcatWebServer - Tomcat started on port(s): 8080 (http) with context path ''
12:22:25.597 [main] INFO  s.d.s.w.p.DocumentationPluginsBootstrapper - Context refreshed
12:22:25.601 [main] INFO  s.d.s.w.p.DocumentationPluginsBootstrapper - Found 1 custom documentation plugin(s)
12:22:25.617 [main] INFO  s.d.s.w.s.ApiListingReferenceScanner - Scanning for api listing references
12:22:25.702 [main] INFO  s.d.s.w.r.o.CachingOperationNameGenerator - Generating unique operation named: testFormUsingPOST_1
12:22:25.715 [main] INFO  s.d.s.w.r.o.CachingOperationNameGenerator - Generating unique operation named: testPathVariableUsingGET_1
12:22:25.737 [main] INFO  c.l.s.SpringbootDemoApplication - Started SpringbootDemoApplication in 1.102 seconds (JVM running for 1.31)
12:22:28.388 [http-nio-8080-exec-1] INFO  o.a.c.c.C.[Tomcat].[localhost].[/] - Initializing Spring DispatcherServlet 'dispatcherServlet'
12:22:28.388 [http-nio-8080-exec-1] INFO  o.s.web.servlet.DispatcherServlet - Initializing Servlet 'dispatcherServlet'
12:22:28.390 [http-nio-8080-exec-1] INFO  o.s.web.servlet.DispatcherServlet - Completed initialization in 2 ms
12:22:28.413 [http-nio-8080-exec-1] ERROR c.l.s.e.GlobalExceptionHandler - 缺少请求参数，Required request parameter 'name' for method parameter type String is not present
12:23:14.276 [main] INFO  c.l.s.SpringbootDemoApplication - Starting SpringbootDemoApplication using Java 1.8.0_391 on lizhankangdebijibendiannao.local with PID 46021 (/Users/lizhankang/privateProjects/javaProjects/springboot-demo/target/classes started by lizhankang in /Users/lizhankang/privateProjects/javaProjects/springboot-demo)
12:23:14.277 [main] INFO  c.l.s.SpringbootDemoApplication - The following 1 profile is active: "dev"
12:23:14.724 [main] INFO  o.s.b.w.e.tomcat.TomcatWebServer - Tomcat initialized with port(s): 8080 (http)
12:23:14.731 [main] INFO  o.a.coyote.http11.Http11NioProtocol - Initializing ProtocolHandler ["http-nio-8080"]
12:23:14.732 [main] INFO  o.a.catalina.core.StandardService - Starting service [Tomcat]
12:23:14.732 [main] INFO  o.a.catalina.core.StandardEngine - Starting Servlet engine: [Apache Tomcat/9.0.68]
12:23:14.796 [main] INFO  o.a.c.c.C.[Tomcat].[localhost].[/] - Initializing Spring embedded WebApplicationContext
12:23:14.796 [main] INFO  o.s.b.w.s.c.ServletWebServerApplicationContext - Root WebApplicationContext: initialization completed in 502 ms
12:23:14.954 [main] INFO  s.d.s.w.PropertySourcedRequestMappingHandlerMapping - Mapped URL path [/v2/api-docs] onto method [springfox.documentation.swagger2.web.Swagger2Controller#getDocumentation(String, HttpServletRequest)]
12:23:15.006 [main] INFO  o.s.b.a.w.s.WelcomePageHandlerMapping - Adding welcome page: class path resource [static/index.html]
12:23:15.039 [main] INFO  o.a.coyote.http11.Http11NioProtocol - Starting ProtocolHandler ["http-nio-8080"]
12:23:15.078 [main] INFO  o.s.b.w.e.tomcat.TomcatWebServer - Tomcat started on port(s): 8080 (http) with context path ''
12:23:15.079 [main] INFO  s.d.s.w.p.DocumentationPluginsBootstrapper - Context refreshed
12:23:15.084 [main] INFO  s.d.s.w.p.DocumentationPluginsBootstrapper - Found 1 custom documentation plugin(s)
12:23:15.098 [main] INFO  s.d.s.w.s.ApiListingReferenceScanner - Scanning for api listing references
12:23:15.184 [main] INFO  s.d.s.w.r.o.CachingOperationNameGenerator - Generating unique operation named: testFormUsingPOST_1
12:23:15.197 [main] INFO  s.d.s.w.r.o.CachingOperationNameGenerator - Generating unique operation named: testPathVariableUsingGET_1
12:23:15.221 [main] INFO  c.l.s.SpringbootDemoApplication - Started SpringbootDemoApplication in 1.141 seconds (JVM running for 1.356)
12:23:23.438 [http-nio-8080-exec-1] INFO  o.a.c.c.C.[Tomcat].[localhost].[/] - Initializing Spring DispatcherServlet 'dispatcherServlet'
12:23:23.438 [http-nio-8080-exec-1] INFO  o.s.web.servlet.DispatcherServlet - Initializing Servlet 'dispatcherServlet'
12:23:23.439 [http-nio-8080-exec-1] INFO  o.s.web.servlet.DispatcherServlet - Completed initialization in 1 ms
12:23:23.466 [http-nio-8080-exec-1] INFO  c.l.s.controller.BasicController - 日志记录: unknown user
12:23:36.491 [http-nio-8080-exec-2] INFO  c.l.s.controller.BasicController - 日志记录: unknown user
12:23:57.820 [http-nio-8080-exec-3] INFO  c.l.s.controller.BasicController - 日志记录: lisi
