00:13:09.106 [main] INFO  c.l.s.SpringbootDemoApplication - Starting SpringbootDemoApplication using Java 1.8.0_391 on lizhankangdebijibendiannao.local with PID 12702 (/Users/lizhankang/privateProjects/javaProjects/springboot-demo/target/classes started by lizhankang in /Users/lizhankang/privateProjects/javaProjects/springboot-demo)
00:13:09.107 [main] INFO  c.l.s.SpringbootDemoApplication - The following 1 profile is active: "dev"
00:13:09.462 [main] INFO  o.s.b.w.e.tomcat.TomcatWebServer - Tomcat initialized with port(s): 8001 (http)
00:13:09.465 [main] INFO  o.a.coyote.http11.Http11NioProtocol - Initializing ProtocolHandler ["http-nio-8001"]
00:13:09.466 [main] INFO  o.a.catalina.core.StandardService - Starting service [Tomcat]
00:13:09.466 [main] INFO  o.a.catalina.core.StandardEngine - Starting Servlet engine: [Apache Tomcat/9.0.68]
00:13:09.529 [main] INFO  o.a.c.c.C.[Tomcat].[localhost].[/] - Initializing Spring embedded WebApplicationContext
00:13:09.530 [main] INFO  o.s.b.w.s.c.ServletWebServerApplicationContext - Root WebApplicationContext: initialization completed in 404 ms
00:13:09.631 [main] INFO  o.s.b.a.w.s.WelcomePageHandlerMapping - Adding welcome page: class path resource [static/index.html]
00:13:09.665 [main] INFO  o.a.coyote.http11.Http11NioProtocol - Starting ProtocolHandler ["http-nio-8001"]
00:13:09.690 [main] INFO  o.s.b.w.e.tomcat.TomcatWebServer - Tomcat started on port(s): 8001 (http) with context path ''
00:13:09.695 [main] INFO  c.l.s.SpringbootDemoApplication - Started SpringbootDemoApplication in 0.79 seconds (JVM running for 1.011)
00:13:24.032 [http-nio-8001-exec-1] INFO  o.a.c.c.C.[Tomcat].[localhost].[/] - Initializing Spring DispatcherServlet 'dispatcherServlet'
00:13:24.032 [http-nio-8001-exec-1] INFO  o.s.web.servlet.DispatcherServlet - Initializing Servlet 'dispatcherServlet'
00:13:24.033 [http-nio-8001-exec-1] INFO  o.s.web.servlet.DispatcherServlet - Completed initialization in 1 ms
00:13:24.044 [http-nio-8001-exec-1] INFO  c.l.s.c.SpringBootDemoController - =====获取的订单服务地址为：http://localhost:8002
00:13:38.719 [main] INFO  c.l.s.SpringbootDemoApplication - Starting SpringbootDemoApplication using Java 1.8.0_391 on lizhankangdebijibendiannao.local with PID 12736 (/Users/lizhankang/privateProjects/javaProjects/springboot-demo/target/classes started by lizhankang in /Users/lizhankang/privateProjects/javaProjects/springboot-demo)
00:13:38.720 [main] INFO  c.l.s.SpringbootDemoApplication - The following 1 profile is active: "dev"
00:13:39.056 [main] INFO  o.s.b.w.e.tomcat.TomcatWebServer - Tomcat initialized with port(s): 8001 (http)
00:13:39.059 [main] INFO  o.a.coyote.http11.Http11NioProtocol - Initializing ProtocolHandler ["http-nio-8001"]
00:13:39.060 [main] INFO  o.a.catalina.core.StandardService - Starting service [Tomcat]
00:13:39.060 [main] INFO  o.a.catalina.core.StandardEngine - Starting Servlet engine: [Apache Tomcat/9.0.68]
00:13:39.121 [main] INFO  o.a.c.c.C.[Tomcat].[localhost].[/] - Initializing Spring embedded WebApplicationContext
00:13:39.121 [main] INFO  o.s.b.w.s.c.ServletWebServerApplicationContext - Root WebApplicationContext: initialization completed in 384 ms
00:13:39.214 [main] INFO  o.s.b.a.w.s.WelcomePageHandlerMapping - Adding welcome page: class path resource [static/index.html]
00:13:39.243 [main] INFO  o.a.coyote.http11.Http11NioProtocol - Starting ProtocolHandler ["http-nio-8001"]
00:13:39.254 [main] INFO  o.s.b.w.e.tomcat.TomcatWebServer - Tomcat started on port(s): 8001 (http) with context path ''
00:13:39.265 [main] INFO  c.l.s.SpringbootDemoApplication - Started SpringbootDemoApplication in 0.73 seconds (JVM running for 0.936)
00:13:41.793 [http-nio-8001-exec-1] INFO  o.a.c.c.C.[Tomcat].[localhost].[/] - Initializing Spring DispatcherServlet 'dispatcherServlet'
00:13:41.794 [http-nio-8001-exec-1] INFO  o.s.web.servlet.DispatcherServlet - Initializing Servlet 'dispatcherServlet'
00:13:41.795 [http-nio-8001-exec-1] INFO  o.s.web.servlet.DispatcherServlet - Completed initialization in 1 ms
00:13:41.813 [http-nio-8001-exec-1] INFO  c.l.s.c.SpringBootDemoController - =====获取的订单服务地址为：http://localhost:8002
00:14:53.430 [main] INFO  c.l.s.SpringbootDemoApplication - Starting SpringbootDemoApplication using Java 1.8.0_391 on lizhankangdebijibendiannao.local with PID 12827 (/Users/lizhankang/privateProjects/javaProjects/springboot-demo/target/classes started by lizhankang in /Users/lizhankang/privateProjects/javaProjects/springboot-demo)
00:14:53.432 [main] INFO  c.l.s.SpringbootDemoApplication - The following 1 profile is active: "dev"
00:14:53.779 [main] INFO  o.s.b.w.e.tomcat.TomcatWebServer - Tomcat initialized with port(s): 8080 (http)
00:14:53.782 [main] INFO  o.a.coyote.http11.Http11NioProtocol - Initializing ProtocolHandler ["http-nio-8080"]
00:14:53.782 [main] INFO  o.a.catalina.core.StandardService - Starting service [Tomcat]
00:14:53.782 [main] INFO  o.a.catalina.core.StandardEngine - Starting Servlet engine: [Apache Tomcat/9.0.68]
00:14:53.839 [main] INFO  o.a.c.c.C.[Tomcat].[localhost].[/] - Initializing Spring embedded WebApplicationContext
00:14:53.839 [main] INFO  o.s.b.w.s.c.ServletWebServerApplicationContext - Root WebApplicationContext: initialization completed in 389 ms
00:14:53.949 [main] INFO  o.s.b.a.w.s.WelcomePageHandlerMapping - Adding welcome page: class path resource [static/index.html]
00:14:53.981 [main] INFO  o.a.coyote.http11.Http11NioProtocol - Starting ProtocolHandler ["http-nio-8080"]
00:14:54.000 [main] INFO  o.s.b.w.e.tomcat.TomcatWebServer - Tomcat started on port(s): 8080 (http) with context path ''
00:14:54.005 [main] INFO  c.l.s.SpringbootDemoApplication - Started SpringbootDemoApplication in 0.769 seconds (JVM running for 0.981)
00:14:56.606 [http-nio-8080-exec-1] INFO  o.a.c.c.C.[Tomcat].[localhost].[/] - Initializing Spring DispatcherServlet 'dispatcherServlet'
00:14:56.606 [http-nio-8080-exec-1] INFO  o.s.web.servlet.DispatcherServlet - Initializing Servlet 'dispatcherServlet'
00:14:56.607 [http-nio-8080-exec-1] INFO  o.s.web.servlet.DispatcherServlet - Completed initialization in 1 ms
00:14:56.618 [http-nio-8080-exec-1] INFO  c.l.s.c.SpringBootDemoController - =====获取的订单服务地址为：http://localhost:8002
00:20:57.226 [main] INFO  c.l.s.SpringbootDemoApplication - Starting SpringbootDemoApplication using Java 1.8.0_391 on lizhankangdebijibendiannao.local with PID 13181 (/Users/lizhankang/privateProjects/javaProjects/springboot-demo/target/classes started by lizhankang in /Users/lizhankang/privateProjects/javaProjects/springboot-demo)
00:20:57.228 [main] INFO  c.l.s.SpringbootDemoApplication - The following 1 profile is active: "dev"
00:20:57.580 [main] INFO  o.s.b.w.e.tomcat.TomcatWebServer - Tomcat initialized with port(s): 8080 (http)
00:20:57.583 [main] INFO  o.a.coyote.http11.Http11NioProtocol - Initializing ProtocolHandler ["http-nio-8080"]
00:20:57.583 [main] INFO  o.a.catalina.core.StandardService - Starting service [Tomcat]
00:20:57.583 [main] INFO  o.a.catalina.core.StandardEngine - Starting Servlet engine: [Apache Tomcat/9.0.68]
00:20:57.639 [main] INFO  o.a.c.c.C.[Tomcat].[localhost].[/] - Initializing Spring embedded WebApplicationContext
00:20:57.639 [main] INFO  o.s.b.w.s.c.ServletWebServerApplicationContext - Root WebApplicationContext: initialization completed in 391 ms
00:20:57.748 [main] INFO  o.s.b.a.w.s.WelcomePageHandlerMapping - Adding welcome page: class path resource [static/index.html]
00:20:57.785 [main] INFO  o.a.coyote.http11.Http11NioProtocol - Starting ProtocolHandler ["http-nio-8080"]
00:20:57.809 [main] INFO  o.s.b.w.e.tomcat.TomcatWebServer - Tomcat started on port(s): 8080 (http) with context path ''
00:20:57.813 [main] INFO  c.l.s.SpringbootDemoApplication - Started SpringbootDemoApplication in 0.83 seconds (JVM running for 1.049)
00:21:09.398 [http-nio-8080-exec-1] INFO  o.a.c.c.C.[Tomcat].[localhost].[/] - Initializing Spring DispatcherServlet 'dispatcherServlet'
00:21:09.398 [http-nio-8080-exec-1] INFO  o.s.web.servlet.DispatcherServlet - Initializing Servlet 'dispatcherServlet'
00:21:09.400 [http-nio-8080-exec-1] INFO  o.s.web.servlet.DispatcherServlet - Completed initialization in 1 ms
00:21:09.420 [http-nio-8080-exec-1] INFO  c.l.s.c.SpringBootDemoController - =====获取的订单服务地址为：http://localhost:9002
00:22:59.657 [main] INFO  c.l.s.SpringbootDemoApplication - Starting SpringbootDemoApplication using Java 1.8.0_391 on lizhankangdebijibendiannao.local with PID 13305 (/Users/lizhankang/privateProjects/javaProjects/springboot-demo/target/classes started by lizhankang in /Users/lizhankang/privateProjects/javaProjects/springboot-demo)
00:22:59.660 [main] INFO  c.l.s.SpringbootDemoApplication - The following 1 profile is active: "dev"
00:23:00.011 [main] INFO  o.s.b.w.e.tomcat.TomcatWebServer - Tomcat initialized with port(s): 8080 (http)
00:23:00.015 [main] INFO  o.a.coyote.http11.Http11NioProtocol - Initializing ProtocolHandler ["http-nio-8080"]
00:23:00.015 [main] INFO  o.a.catalina.core.StandardService - Starting service [Tomcat]
00:23:00.015 [main] INFO  o.a.catalina.core.StandardEngine - Starting Servlet engine: [Apache Tomcat/9.0.68]
00:23:00.071 [main] INFO  o.a.c.c.C.[Tomcat].[localhost].[/] - Initializing Spring embedded WebApplicationContext
00:23:00.071 [main] INFO  o.s.b.w.s.c.ServletWebServerApplicationContext - Root WebApplicationContext: initialization completed in 394 ms
00:23:00.168 [main] INFO  o.s.b.a.w.s.WelcomePageHandlerMapping - Adding welcome page: class path resource [static/index.html]
00:23:00.199 [main] INFO  o.a.coyote.http11.Http11NioProtocol - Starting ProtocolHandler ["http-nio-8080"]
00:23:00.218 [main] INFO  o.s.b.w.e.tomcat.TomcatWebServer - Tomcat started on port(s): 8080 (http) with context path ''
00:23:00.223 [main] INFO  c.l.s.SpringbootDemoApplication - Started SpringbootDemoApplication in 0.763 seconds (JVM running for 0.975)
00:23:03.408 [http-nio-8080-exec-1] INFO  o.a.c.c.C.[Tomcat].[localhost].[/] - Initializing Spring DispatcherServlet 'dispatcherServlet'
00:23:03.408 [http-nio-8080-exec-1] INFO  o.s.web.servlet.DispatcherServlet - Initializing Servlet 'dispatcherServlet'
00:23:03.409 [http-nio-8080-exec-1] INFO  o.s.web.servlet.DispatcherServlet - Completed initialization in 1 ms
00:23:03.424 [http-nio-8080-exec-1] INFO  c.l.s.c.SpringBootDemoController - =====获取的订单服务地址为：http://localhost:8002
00:23:14.041 [main] INFO  c.l.s.SpringbootDemoApplication - Starting SpringbootDemoApplication using Java 1.8.0_391 on lizhankangdebijibendiannao.local with PID 13322 (/Users/lizhankang/privateProjects/javaProjects/springboot-demo/target/classes started by lizhankang in /Users/lizhankang/privateProjects/javaProjects/springboot-demo)
00:23:14.043 [main] INFO  c.l.s.SpringbootDemoApplication - The following 1 profile is active: "dev"
00:23:14.389 [main] INFO  o.s.b.w.e.tomcat.TomcatWebServer - Tomcat initialized with port(s): 8080 (http)
00:23:14.392 [main] INFO  o.a.coyote.http11.Http11NioProtocol - Initializing ProtocolHandler ["http-nio-8080"]
00:23:14.392 [main] INFO  o.a.catalina.core.StandardService - Starting service [Tomcat]
00:23:14.392 [main] INFO  o.a.catalina.core.StandardEngine - Starting Servlet engine: [Apache Tomcat/9.0.68]
00:23:14.449 [main] INFO  o.a.c.c.C.[Tomcat].[localhost].[/] - Initializing Spring embedded WebApplicationContext
00:23:14.450 [main] INFO  o.s.b.w.s.c.ServletWebServerApplicationContext - Root WebApplicationContext: initialization completed in 388 ms
00:23:14.476 [main] WARN  o.s.b.w.s.c.AnnotationConfigServletWebServerApplicationContext - Exception encountered during context initialization - cancelling refresh attempt: org.springframework.beans.factory.BeanCreationException: Error creating bean with name 'springBootDemoController': Injection of autowired dependencies failed; nested exception is java.lang.IllegalArgumentException: Could not resolve placeholder 'url.orderUrl' in value "${url.orderUrl}"
00:23:14.477 [main] INFO  o.a.catalina.core.StandardService - Stopping service [Tomcat]
00:23:14.483 [main] INFO  o.s.b.a.l.ConditionEvaluationReportLoggingListener - 

Error starting ApplicationContext. To display the conditions report re-run your application with 'debug' enabled.
00:23:14.493 [main] ERROR o.s.boot.SpringApplication - Application run failed
org.springframework.beans.factory.BeanCreationException: Error creating bean with name 'springBootDemoController': Injection of autowired dependencies failed; nested exception is java.lang.IllegalArgumentException: Could not resolve placeholder 'url.orderUrl' in value "${url.orderUrl}"
	at org.springframework.beans.factory.annotation.AutowiredAnnotationBeanPostProcessor.postProcessProperties(AutowiredAnnotationBeanPostProcessor.java:405)
	at org.springframework.beans.factory.support.AbstractAutowireCapableBeanFactory.populateBean(AbstractAutowireCapableBeanFactory.java:1431)
	at org.springframework.beans.factory.support.AbstractAutowireCapableBeanFactory.doCreateBean(AbstractAutowireCapableBeanFactory.java:619)
	at org.springframework.beans.factory.support.AbstractAutowireCapableBeanFactory.createBean(AbstractAutowireCapableBeanFactory.java:542)
	at org.springframework.beans.factory.support.AbstractBeanFactory.lambda$doGetBean$0(AbstractBeanFactory.java:335)
	at org.springframework.beans.factory.support.DefaultSingletonBeanRegistry.getSingleton(DefaultSingletonBeanRegistry.java:234)
	at org.springframework.beans.factory.support.AbstractBeanFactory.doGetBean(AbstractBeanFactory.java:333)
	at org.springframework.beans.factory.support.AbstractBeanFactory.getBean(AbstractBeanFactory.java:208)
	at org.springframework.beans.factory.support.DefaultListableBeanFactory.preInstantiateSingletons(DefaultListableBeanFactory.java:955)
	at org.springframework.context.support.AbstractApplicationContext.finishBeanFactoryInitialization(AbstractApplicationContext.java:918)
	at org.springframework.context.support.AbstractApplicationContext.refresh(AbstractApplicationContext.java:583)
	at org.springframework.boot.web.servlet.context.ServletWebServerApplicationContext.refresh(ServletWebServerApplicationContext.java:145)
	at org.springframework.boot.SpringApplication.refresh(SpringApplication.java:745)
	at org.springframework.boot.SpringApplication.refreshContext(SpringApplication.java:420)
	at org.springframework.boot.SpringApplication.run(SpringApplication.java:307)
	at org.springframework.boot.SpringApplication.run(SpringApplication.java:1317)
	at org.springframework.boot.SpringApplication.run(SpringApplication.java:1306)
	at com.lizhankang.springbootdemo.SpringbootDemoApplication.main(SpringbootDemoApplication.java:11)
Caused by: java.lang.IllegalArgumentException: Could not resolve placeholder 'url.orderUrl' in value "${url.orderUrl}"
	at org.springframework.util.PropertyPlaceholderHelper.parseStringValue(PropertyPlaceholderHelper.java:180)
	at org.springframework.util.PropertyPlaceholderHelper.replacePlaceholders(PropertyPlaceholderHelper.java:126)
	at org.springframework.core.env.AbstractPropertyResolver.doResolvePlaceholders(AbstractPropertyResolver.java:239)
	at org.springframework.core.env.AbstractPropertyResolver.resolveRequiredPlaceholders(AbstractPropertyResolver.java:210)
	at org.springframework.context.support.PropertySourcesPlaceholderConfigurer.lambda$processProperties$0(PropertySourcesPlaceholderConfigurer.java:191)
	at org.springframework.beans.factory.support.AbstractBeanFactory.resolveEmbeddedValue(AbstractBeanFactory.java:936)
	at org.springframework.beans.factory.support.DefaultListableBeanFactory.doResolveDependency(DefaultListableBeanFactory.java:1332)
	at org.springframework.beans.factory.support.DefaultListableBeanFactory.resolveDependency(DefaultListableBeanFactory.java:1311)
	at org.springframework.beans.factory.annotation.AutowiredAnnotationBeanPostProcessor$AutowiredFieldElement.resolveFieldValue(AutowiredAnnotationBeanPostProcessor.java:656)
	at org.springframework.beans.factory.annotation.AutowiredAnnotationBeanPostProcessor$AutowiredFieldElement.inject(AutowiredAnnotationBeanPostProcessor.java:639)
	at org.springframework.beans.factory.annotation.InjectionMetadata.inject(InjectionMetadata.java:119)
	at org.springframework.beans.factory.annotation.AutowiredAnnotationBeanPostProcessor.postProcessProperties(AutowiredAnnotationBeanPostProcessor.java:399)
	... 17 common frames omitted
00:27:42.114 [main] INFO  c.l.s.SpringbootDemoApplication - Starting SpringbootDemoApplication using Java 1.8.0_391 on lizhankangdebijibendiannao.local with PID 13586 (/Users/lizhankang/privateProjects/javaProjects/springboot-demo/target/classes started by lizhankang in /Users/lizhankang/privateProjects/javaProjects/springboot-demo)
00:27:42.115 [main] INFO  c.l.s.SpringbootDemoApplication - The following 1 profile is active: "dev"
00:27:42.477 [main] INFO  o.s.b.w.e.tomcat.TomcatWebServer - Tomcat initialized with port(s): 8080 (http)
00:27:42.480 [main] INFO  o.a.coyote.http11.Http11NioProtocol - Initializing ProtocolHandler ["http-nio-8080"]
00:27:42.480 [main] INFO  o.a.catalina.core.StandardService - Starting service [Tomcat]
00:27:42.481 [main] INFO  o.a.catalina.core.StandardEngine - Starting Servlet engine: [Apache Tomcat/9.0.68]
00:27:42.539 [main] INFO  o.a.c.c.C.[Tomcat].[localhost].[/] - Initializing Spring embedded WebApplicationContext
00:27:42.539 [main] INFO  o.s.b.w.s.c.ServletWebServerApplicationContext - Root WebApplicationContext: initialization completed in 406 ms
00:27:42.634 [main] INFO  o.s.b.a.w.s.WelcomePageHandlerMapping - Adding welcome page: class path resource [static/index.html]
00:27:42.665 [main] INFO  o.a.coyote.http11.Http11NioProtocol - Starting ProtocolHandler ["http-nio-8080"]
00:27:42.681 [main] INFO  o.s.b.w.e.tomcat.TomcatWebServer - Tomcat started on port(s): 8080 (http) with context path ''
00:27:42.686 [main] INFO  c.l.s.SpringbootDemoApplication - Started SpringbootDemoApplication in 0.766 seconds (JVM running for 0.977)
00:27:57.256 [http-nio-8080-exec-1] INFO  o.a.c.c.C.[Tomcat].[localhost].[/] - Initializing Spring DispatcherServlet 'dispatcherServlet'
00:27:57.256 [http-nio-8080-exec-1] INFO  o.s.web.servlet.DispatcherServlet - Initializing Servlet 'dispatcherServlet'
00:27:57.258 [http-nio-8080-exec-1] INFO  o.s.web.servlet.DispatcherServlet - Completed initialization in 2 ms
00:27:57.276 [http-nio-8080-exec-1] INFO  c.l.s.c.SpringBootDemoController - =====获取的订单服务地址为：http://localhost:9002
00:27:57.277 [http-nio-8080-exec-1] INFO  c.l.s.c.SpringBootDemoController - =====获取的用户服务地址为：http://localhost:9003
00:27:57.277 [http-nio-8080-exec-1] INFO  c.l.s.c.SpringBootDemoController - =====获取的购物车服务地址为：http://localhost:9004
10:14:48.531 [main] INFO  c.l.s.SpringbootDemoApplication - Starting SpringbootDemoApplication using Java 1.8.0_391 on lizhankangdebijibendiannao.local with PID 15653 (/Users/lizhankang/privateProjects/javaProjects/springboot-demo/target/classes started by lizhankang in /Users/lizhankang/privateProjects/javaProjects/springboot-demo)
10:14:48.533 [main] INFO  c.l.s.SpringbootDemoApplication - The following 1 profile is active: "dev"
10:14:48.888 [main] INFO  o.s.b.w.e.tomcat.TomcatWebServer - Tomcat initialized with port(s): 8080 (http)
10:14:48.892 [main] INFO  o.a.coyote.http11.Http11NioProtocol - Initializing ProtocolHandler ["http-nio-8080"]
10:14:48.892 [main] INFO  o.a.catalina.core.StandardService - Starting service [Tomcat]
10:14:48.892 [main] INFO  o.a.catalina.core.StandardEngine - Starting Servlet engine: [Apache Tomcat/9.0.68]
10:14:48.950 [main] INFO  o.a.c.c.C.[Tomcat].[localhost].[/] - Initializing Spring embedded WebApplicationContext
10:14:48.950 [main] INFO  o.s.b.w.s.c.ServletWebServerApplicationContext - Root WebApplicationContext: initialization completed in 398 ms
10:14:49.047 [main] INFO  o.s.b.a.w.s.WelcomePageHandlerMapping - Adding welcome page: class path resource [static/index.html]
10:14:49.078 [main] INFO  o.a.coyote.http11.Http11NioProtocol - Starting ProtocolHandler ["http-nio-8080"]
10:14:49.102 [main] INFO  o.s.b.w.e.tomcat.TomcatWebServer - Tomcat started on port(s): 8080 (http) with context path ''
10:14:49.107 [main] INFO  c.l.s.SpringbootDemoApplication - Started SpringbootDemoApplication in 0.772 seconds (JVM running for 0.984)
10:14:58.734 [http-nio-8080-exec-1] INFO  o.a.c.c.C.[Tomcat].[localhost].[/] - Initializing Spring DispatcherServlet 'dispatcherServlet'
10:14:58.735 [http-nio-8080-exec-1] INFO  o.s.web.servlet.DispatcherServlet - Initializing Servlet 'dispatcherServlet'
10:14:58.735 [http-nio-8080-exec-1] INFO  o.s.web.servlet.DispatcherServlet - Completed initialization in 0 ms
10:14:58.746 [http-nio-8080-exec-1] INFO  c.l.s.c.SpringBootDemoController - =====获取的订单服务地址为：http://localhost:9002
