21:58:48.752 [main] INFO  c.l.s.SpringbootDemoApplication - Starting SpringbootDemoApplication using Java 1.8.0_391 on lizhankndiannao.lan with PID 31206 (/Users/lizhankang/privateProjects/javaProjects/springboot-demo/target/classes started by lizhankang in /Users/lizhankang/privateProjects/javaProjects/springboot-demo)
21:58:48.754 [main] INFO  c.l.s.SpringbootDemoApplication - The following 1 profile is active: "dev"
21:58:49.194 [main] INFO  o.s.b.w.e.tomcat.TomcatWebServer - Tomcat initialized with port(s): 8080 (http)
21:58:49.198 [main] INFO  o.a.coyote.http11.Http11NioProtocol - Initializing ProtocolHandler ["http-nio-8080"]
21:58:49.198 [main] INFO  o.a.catalina.core.StandardService - Starting service [Tomcat]
21:58:49.198 [main] INFO  o.a.catalina.core.StandardEngine - Starting Servlet engine: [Apache Tomcat/9.0.68]
21:58:49.270 [main] INFO  o.a.c.c.C.[Tomcat].[localhost].[/] - Initializing Spring embedded WebApplicationContext
21:58:49.271 [main] INFO  o.s.b.w.s.c.ServletWebServerApplicationContext - Root WebApplicationContext: initialization completed in 498 ms
21:58:49.440 [main] INFO  s.d.s.w.PropertySourcedRequestMappingHandlerMapping - Mapped URL path [/v2/api-docs] onto method [springfox.documentation.swagger2.web.Swagger2Controller#getDocumentation(String, HttpServletRequest)]
21:58:49.502 [main] INFO  o.s.b.a.w.s.WelcomePageHandlerMapping - Adding welcome page: class path resource [static/index.html]
21:58:49.538 [main] INFO  o.a.coyote.http11.Http11NioProtocol - Starting ProtocolHandler ["http-nio-8080"]
21:58:49.551 [main] INFO  o.s.b.w.e.tomcat.TomcatWebServer - Tomcat started on port(s): 8080 (http) with context path ''
21:58:49.551 [main] INFO  s.d.s.w.p.DocumentationPluginsBootstrapper - Context refreshed
21:58:49.557 [main] INFO  s.d.s.w.p.DocumentationPluginsBootstrapper - Found 1 custom documentation plugin(s)
21:58:49.576 [main] INFO  s.d.s.w.s.ApiListingReferenceScanner - Scanning for api listing references
21:58:49.690 [main] INFO  s.d.s.w.r.o.CachingOperationNameGenerator - Generating unique operation named: testFormUsingPOST_1
21:58:49.706 [main] INFO  s.d.s.w.r.o.CachingOperationNameGenerator - Generating unique operation named: testPathVariableUsingGET_1
21:58:49.728 [main] INFO  c.l.s.SpringbootDemoApplication - Started SpringbootDemoApplication in 1.207 seconds (JVM running for 1.487)
21:58:59.111 [http-nio-8080-exec-2] INFO  o.a.c.c.C.[Tomcat].[localhost].[/] - Initializing Spring DispatcherServlet 'dispatcherServlet'
21:58:59.112 [http-nio-8080-exec-2] INFO  o.s.web.servlet.DispatcherServlet - Initializing Servlet 'dispatcherServlet'
21:58:59.113 [http-nio-8080-exec-2] INFO  o.s.web.servlet.DispatcherServlet - Completed initialization in 1 ms
21:58:59.130 [http-nio-8080-exec-2] INFO  c.l.s.c.SpringBootDemoController - =====获取的订单服务地址为：http://localhost:9002
23:26:36.373 [main] INFO  c.l.s.SpringbootDemoApplication - Starting SpringbootDemoApplication using Java 1.8.0_391 on lizhankndiannao.lan with PID 31990 (/Users/lizhankang/privateProjects/javaProjects/springboot-demo/target/classes started by lizhankang in /Users/lizhankang/privateProjects/javaProjects/springboot-demo)
23:26:36.374 [main] INFO  c.l.s.SpringbootDemoApplication - The following 1 profile is active: "dev"
23:26:36.816 [main] INFO  o.s.b.w.e.tomcat.TomcatWebServer - Tomcat initialized with port(s): 8080 (http)
23:26:36.819 [main] INFO  o.a.coyote.http11.Http11NioProtocol - Initializing ProtocolHandler ["http-nio-8080"]
23:26:36.819 [main] INFO  o.a.catalina.core.StandardService - Starting service [Tomcat]
23:26:36.820 [main] INFO  o.a.catalina.core.StandardEngine - Starting Servlet engine: [Apache Tomcat/9.0.68]
23:26:36.895 [main] INFO  o.a.c.c.C.[Tomcat].[localhost].[/] - Initializing Spring embedded WebApplicationContext
23:26:36.896 [main] INFO  o.s.b.w.s.c.ServletWebServerApplicationContext - Root WebApplicationContext: initialization completed in 503 ms
23:26:37.051 [main] INFO  s.d.s.w.PropertySourcedRequestMappingHandlerMapping - Mapped URL path [/v2/api-docs] onto method [springfox.documentation.swagger2.web.Swagger2Controller#getDocumentation(String, HttpServletRequest)]
23:26:37.108 [main] INFO  o.s.b.a.w.s.WelcomePageHandlerMapping - Adding welcome page: class path resource [static/index.html]
23:26:37.137 [main] INFO  o.a.coyote.http11.Http11NioProtocol - Starting ProtocolHandler ["http-nio-8080"]
23:26:37.150 [main] INFO  o.s.b.w.e.tomcat.TomcatWebServer - Tomcat started on port(s): 8080 (http) with context path ''
23:26:37.150 [main] INFO  s.d.s.w.p.DocumentationPluginsBootstrapper - Context refreshed
23:26:37.184 [main] INFO  s.d.s.w.p.DocumentationPluginsBootstrapper - Found 1 custom documentation plugin(s)
23:26:37.200 [main] INFO  s.d.s.w.s.ApiListingReferenceScanner - Scanning for api listing references
23:26:37.265 [main] INFO  s.d.s.w.r.o.CachingOperationNameGenerator - Generating unique operation named: testFormUsingPOST_1
23:26:37.281 [main] INFO  s.d.s.w.r.o.CachingOperationNameGenerator - Generating unique operation named: testPathVariableUsingGET_1
23:26:37.302 [main] INFO  c.l.s.SpringbootDemoApplication - Started SpringbootDemoApplication in 1.147 seconds (JVM running for 1.506)
23:27:45.312 [http-nio-8080-exec-1] INFO  o.a.c.c.C.[Tomcat].[localhost].[/] - Initializing Spring DispatcherServlet 'dispatcherServlet'
23:27:45.313 [http-nio-8080-exec-1] INFO  o.s.web.servlet.DispatcherServlet - Initializing Servlet 'dispatcherServlet'
23:27:45.313 [http-nio-8080-exec-1] INFO  o.s.web.servlet.DispatcherServlet - Completed initialization in 0 ms
23:29:44.544 [main] INFO  c.l.s.SpringbootDemoApplication - Starting SpringbootDemoApplication using Java 1.8.0_391 on lizhankndiannao.lan with PID 32031 (/Users/lizhankang/privateProjects/javaProjects/springboot-demo/target/classes started by lizhankang in /Users/lizhankang/privateProjects/javaProjects/springboot-demo)
23:29:44.545 [main] INFO  c.l.s.SpringbootDemoApplication - The following 1 profile is active: "dev"
23:29:44.950 [main] INFO  o.s.b.w.e.tomcat.TomcatWebServer - Tomcat initialized with port(s): 8080 (http)
23:29:44.954 [main] INFO  o.a.coyote.http11.Http11NioProtocol - Initializing ProtocolHandler ["http-nio-8080"]
23:29:44.954 [main] INFO  o.a.catalina.core.StandardService - Starting service [Tomcat]
23:29:44.954 [main] INFO  o.a.catalina.core.StandardEngine - Starting Servlet engine: [Apache Tomcat/9.0.68]
23:29:45.016 [main] INFO  o.a.c.c.C.[Tomcat].[localhost].[/] - Initializing Spring embedded WebApplicationContext
23:29:45.016 [main] INFO  o.s.b.w.s.c.ServletWebServerApplicationContext - Root WebApplicationContext: initialization completed in 453 ms
23:29:45.177 [main] INFO  s.d.s.w.PropertySourcedRequestMappingHandlerMapping - Mapped URL path [/v2/api-docs] onto method [springfox.documentation.swagger2.web.Swagger2Controller#getDocumentation(String, HttpServletRequest)]
23:29:45.231 [main] INFO  o.s.b.a.w.s.WelcomePageHandlerMapping - Adding welcome page: class path resource [static/index.html]
23:29:45.260 [main] INFO  o.a.coyote.http11.Http11NioProtocol - Starting ProtocolHandler ["http-nio-8080"]
23:29:45.273 [main] INFO  o.s.b.w.e.tomcat.TomcatWebServer - Tomcat started on port(s): 8080 (http) with context path ''
23:29:45.273 [main] INFO  s.d.s.w.p.DocumentationPluginsBootstrapper - Context refreshed
23:29:45.278 [main] INFO  s.d.s.w.p.DocumentationPluginsBootstrapper - Found 1 custom documentation plugin(s)
23:29:45.324 [main] INFO  s.d.s.w.s.ApiListingReferenceScanner - Scanning for api listing references
23:29:45.389 [main] INFO  s.d.s.w.r.o.CachingOperationNameGenerator - Generating unique operation named: testFormUsingPOST_1
23:29:45.403 [main] INFO  s.d.s.w.r.o.CachingOperationNameGenerator - Generating unique operation named: testPathVariableUsingGET_1
23:29:45.424 [main] INFO  c.l.s.SpringbootDemoApplication - Started SpringbootDemoApplication in 1.072 seconds (JVM running for 1.281)
23:29:49.603 [http-nio-8080-exec-1] INFO  o.a.c.c.C.[Tomcat].[localhost].[/] - Initializing Spring DispatcherServlet 'dispatcherServlet'
23:29:49.604 [http-nio-8080-exec-1] INFO  o.s.web.servlet.DispatcherServlet - Initializing Servlet 'dispatcherServlet'
23:29:49.605 [http-nio-8080-exec-1] INFO  o.s.web.servlet.DispatcherServlet - Completed initialization in 1 ms
23:31:06.914 [main] INFO  c.l.s.SpringbootDemoApplication - Starting SpringbootDemoApplication using Java 1.8.0_391 on lizhankndiannao.lan with PID 32064 (/Users/lizhankang/privateProjects/javaProjects/springboot-demo/target/classes started by lizhankang in /Users/lizhankang/privateProjects/javaProjects/springboot-demo)
23:31:06.915 [main] INFO  c.l.s.SpringbootDemoApplication - The following 1 profile is active: "dev"
23:31:07.329 [main] INFO  o.s.b.w.e.tomcat.TomcatWebServer - Tomcat initialized with port(s): 8080 (http)
23:31:07.332 [main] INFO  o.a.coyote.http11.Http11NioProtocol - Initializing ProtocolHandler ["http-nio-8080"]
23:31:07.332 [main] INFO  o.a.catalina.core.StandardService - Starting service [Tomcat]
23:31:07.332 [main] INFO  o.a.catalina.core.StandardEngine - Starting Servlet engine: [Apache Tomcat/9.0.68]
23:31:07.394 [main] INFO  o.a.c.c.C.[Tomcat].[localhost].[/] - Initializing Spring embedded WebApplicationContext
23:31:07.394 [main] INFO  o.s.b.w.s.c.ServletWebServerApplicationContext - Root WebApplicationContext: initialization completed in 462 ms
23:31:07.545 [main] INFO  s.d.s.w.PropertySourcedRequestMappingHandlerMapping - Mapped URL path [/v2/api-docs] onto method [springfox.documentation.swagger2.web.Swagger2Controller#getDocumentation(String, HttpServletRequest)]
23:31:07.597 [main] INFO  o.s.b.a.w.s.WelcomePageHandlerMapping - Adding welcome page: class path resource [static/index.html]
23:31:07.628 [main] INFO  o.a.coyote.http11.Http11NioProtocol - Starting ProtocolHandler ["http-nio-8080"]
23:31:07.640 [main] INFO  o.s.b.w.e.tomcat.TomcatWebServer - Tomcat started on port(s): 8080 (http) with context path ''
23:31:07.640 [main] INFO  s.d.s.w.p.DocumentationPluginsBootstrapper - Context refreshed
23:31:07.645 [main] INFO  s.d.s.w.p.DocumentationPluginsBootstrapper - Found 1 custom documentation plugin(s)
23:31:07.692 [main] INFO  s.d.s.w.s.ApiListingReferenceScanner - Scanning for api listing references
23:31:07.753 [main] INFO  s.d.s.w.r.o.CachingOperationNameGenerator - Generating unique operation named: testFormUsingPOST_1
23:31:07.767 [main] INFO  s.d.s.w.r.o.CachingOperationNameGenerator - Generating unique operation named: testPathVariableUsingGET_1
23:31:07.791 [main] INFO  c.l.s.SpringbootDemoApplication - Started SpringbootDemoApplication in 1.069 seconds (JVM running for 1.275)
23:31:10.151 [http-nio-8080-exec-1] INFO  o.a.c.c.C.[Tomcat].[localhost].[/] - Initializing Spring DispatcherServlet 'dispatcherServlet'
23:31:10.152 [http-nio-8080-exec-1] INFO  o.s.web.servlet.DispatcherServlet - Initializing Servlet 'dispatcherServlet'
23:31:10.153 [http-nio-8080-exec-1] INFO  o.s.web.servlet.DispatcherServlet - Completed initialization in 1 ms
23:43:44.442 [main] INFO  c.l.s.SpringbootDemoApplication - Starting SpringbootDemoApplication using Java 1.8.0_391 on lizhankndiannao.lan with PID 32442 (/Users/lizhankang/privateProjects/javaProjects/springboot-demo/target/classes started by lizhankang in /Users/lizhankang/privateProjects/javaProjects/springboot-demo)
23:43:44.443 [main] INFO  c.l.s.SpringbootDemoApplication - The following 1 profile is active: "dev"
23:43:44.872 [main] INFO  o.s.b.w.e.tomcat.TomcatWebServer - Tomcat initialized with port(s): 8080 (http)
23:43:44.876 [main] INFO  o.a.coyote.http11.Http11NioProtocol - Initializing ProtocolHandler ["http-nio-8080"]
23:43:44.876 [main] INFO  o.a.catalina.core.StandardService - Starting service [Tomcat]
23:43:44.876 [main] INFO  o.a.catalina.core.StandardEngine - Starting Servlet engine: [Apache Tomcat/9.0.68]
23:43:44.943 [main] INFO  o.a.c.c.C.[Tomcat].[localhost].[/] - Initializing Spring embedded WebApplicationContext
23:43:44.943 [main] INFO  o.s.b.w.s.c.ServletWebServerApplicationContext - Root WebApplicationContext: initialization completed in 482 ms
23:43:45.106 [main] INFO  s.d.s.w.PropertySourcedRequestMappingHandlerMapping - Mapped URL path [/v2/api-docs] onto method [springfox.documentation.swagger2.web.Swagger2Controller#getDocumentation(String, HttpServletRequest)]
23:43:45.162 [main] INFO  o.s.b.a.w.s.WelcomePageHandlerMapping - Adding welcome page: class path resource [static/index.html]
23:43:45.195 [main] INFO  o.a.coyote.http11.Http11NioProtocol - Starting ProtocolHandler ["http-nio-8080"]
23:43:45.208 [main] INFO  o.s.b.w.e.tomcat.TomcatWebServer - Tomcat started on port(s): 8080 (http) with context path ''
23:43:45.235 [main] INFO  s.d.s.w.p.DocumentationPluginsBootstrapper - Context refreshed
23:43:45.241 [main] INFO  s.d.s.w.p.DocumentationPluginsBootstrapper - Found 1 custom documentation plugin(s)
23:43:45.259 [main] INFO  s.d.s.w.s.ApiListingReferenceScanner - Scanning for api listing references
23:43:45.351 [main] INFO  s.d.s.w.r.o.CachingOperationNameGenerator - Generating unique operation named: testFormUsingPOST_1
23:43:45.366 [main] INFO  s.d.s.w.r.o.CachingOperationNameGenerator - Generating unique operation named: testPathVariableUsingGET_1
23:43:45.388 [main] INFO  c.l.s.SpringbootDemoApplication - Started SpringbootDemoApplication in 1.159 seconds (JVM running for 1.383)
23:44:00.674 [http-nio-8080-exec-1] INFO  o.a.c.c.C.[Tomcat].[localhost].[/] - Initializing Spring DispatcherServlet 'dispatcherServlet'
23:44:00.675 [http-nio-8080-exec-1] INFO  o.s.web.servlet.DispatcherServlet - Initializing Servlet 'dispatcherServlet'
23:44:00.677 [http-nio-8080-exec-1] INFO  o.s.web.servlet.DispatcherServlet - Completed initialization in 2 ms
23:48:36.603 [main] INFO  c.l.s.SpringbootDemoApplication - Starting SpringbootDemoApplication using Java 1.8.0_391 on lizhankndiannao.lan with PID 32735 (/Users/lizhankang/privateProjects/javaProjects/springboot-demo/target/classes started by lizhankang in /Users/lizhankang/privateProjects/javaProjects/springboot-demo)
23:48:36.604 [main] INFO  c.l.s.SpringbootDemoApplication - The following 1 profile is active: "dev"
23:48:37.015 [main] INFO  o.s.b.w.e.tomcat.TomcatWebServer - Tomcat initialized with port(s): 8080 (http)
23:48:37.018 [main] INFO  o.a.coyote.http11.Http11NioProtocol - Initializing ProtocolHandler ["http-nio-8080"]
23:48:37.018 [main] INFO  o.a.catalina.core.StandardService - Starting service [Tomcat]
23:48:37.018 [main] INFO  o.a.catalina.core.StandardEngine - Starting Servlet engine: [Apache Tomcat/9.0.68]
23:48:37.075 [main] INFO  o.a.c.c.C.[Tomcat].[localhost].[/] - Initializing Spring embedded WebApplicationContext
23:48:37.075 [main] INFO  o.s.b.w.s.c.ServletWebServerApplicationContext - Root WebApplicationContext: initialization completed in 453 ms
23:48:37.225 [main] INFO  s.d.s.w.PropertySourcedRequestMappingHandlerMapping - Mapped URL path [/v2/api-docs] onto method [springfox.documentation.swagger2.web.Swagger2Controller#getDocumentation(String, HttpServletRequest)]
23:48:37.280 [main] INFO  o.s.b.a.w.s.WelcomePageHandlerMapping - Adding welcome page: class path resource [static/index.html]
23:48:37.310 [main] INFO  o.a.coyote.http11.Http11NioProtocol - Starting ProtocolHandler ["http-nio-8080"]
23:48:37.322 [main] INFO  o.s.b.w.e.tomcat.TomcatWebServer - Tomcat started on port(s): 8080 (http) with context path ''
23:48:37.322 [main] INFO  s.d.s.w.p.DocumentationPluginsBootstrapper - Context refreshed
23:48:37.327 [main] INFO  s.d.s.w.p.DocumentationPluginsBootstrapper - Found 1 custom documentation plugin(s)
23:48:37.343 [main] INFO  s.d.s.w.s.ApiListingReferenceScanner - Scanning for api listing references
23:48:37.459 [main] INFO  s.d.s.w.r.o.CachingOperationNameGenerator - Generating unique operation named: testFormUsingPOST_1
23:48:37.472 [main] INFO  s.d.s.w.r.o.CachingOperationNameGenerator - Generating unique operation named: testPathVariableUsingGET_1
23:48:37.495 [main] INFO  c.l.s.SpringbootDemoApplication - Started SpringbootDemoApplication in 1.084 seconds (JVM running for 1.294)
23:48:41.907 [http-nio-8080-exec-1] INFO  o.a.c.c.C.[Tomcat].[localhost].[/] - Initializing Spring DispatcherServlet 'dispatcherServlet'
23:48:41.907 [http-nio-8080-exec-1] INFO  o.s.web.servlet.DispatcherServlet - Initializing Servlet 'dispatcherServlet'
23:48:41.908 [http-nio-8080-exec-1] INFO  o.s.web.servlet.DispatcherServlet - Completed initialization in 1 ms
